{"/home/codermarcos/git/simple-mask-money/examples/3.x.x/node/server.js":{"path":"/home/codermarcos/git/simple-mask-money/examples/3.x.x/node/server.js","statementMap":{"0":{"start":{"line":1,"column":24},"end":{"line":1,"column":62}},"1":{"start":{"line":4,"column":0},"end":{"line":15,"column":2}},"2":{"start":{"line":5,"column":19},"end":{"line":5,"column":49}},"3":{"start":{"line":7,"column":20},"end":{"line":7,"column":51}},"4":{"start":{"line":18,"column":0},"end":{"line":18,"column":44}},"5":{"start":{"line":21,"column":0},"end":{"line":21,"column":58}}},"fnMap":{},"branchMap":{},"s":{"0":0,"1":0,"2":0,"3":0,"4":0,"5":0},"f":{},"b":{}},"/home/codermarcos/git/simple-mask-money/examples/3.x.x/vue/build/build.js":{"path":"/home/codermarcos/git/simple-mask-money/examples/3.x.x/vue/build/build.js","statementMap":{"0":{"start":{"line":1,"column":0},"end":{"line":1,"column":29}},"1":{"start":{"line":3,"column":0},"end":{"line":3,"column":35}},"2":{"start":{"line":5,"column":10},"end":{"line":5,"column":24}},"3":{"start":{"line":6,"column":9},"end":{"line":6,"column":26}},"4":{"start":{"line":7,"column":11},"end":{"line":7,"column":26}},"5":{"start":{"line":8,"column":12},"end":{"line":8,"column":28}},"6":{"start":{"line":9,"column":14},"end":{"line":9,"column":32}},"7":{"start":{"line":10,"column":13},"end":{"line":10,"column":33}},"8":{"start":{"line":11,"column":20},"end":{"line":11,"column":50}},"9":{"start":{"line":13,"column":14},"end":{"line":13,"column":47}},"10":{"start":{"line":14,"column":0},"end":{"line":14,"column":15}},"11":{"start":{"line":16,"column":0},"end":{"line":40,"column":2}},"12":{"start":{"line":17,"column":2},"end":{"line":17,"column":20}},"13":{"start":{"line":17,"column":11},"end":{"line":17,"column":20}},"14":{"start":{"line":18,"column":2},"end":{"line":39,"column":4}},"15":{"start":{"line":19,"column":4},"end":{"line":19,"column":18}},"16":{"start":{"line":20,"column":4},"end":{"line":20,"column":22}},"17":{"start":{"line":20,"column":13},"end":{"line":20,"column":22}},"18":{"start":{"line":21,"column":4},"end":{"line":27,"column":16}},"19":{"start":{"line":29,"column":4},"end":{"line":32,"column":5}},"20":{"start":{"line":30,"column":6},"end":{"line":30,"column":61}},"21":{"start":{"line":31,"column":6},"end":{"line":31,"column":21}},"22":{"start":{"line":34,"column":4},"end":{"line":34,"column":50}},"23":{"start":{"line":35,"column":4},"end":{"line":38,"column":6}}},"fnMap":{"0":{"name":"(anonymous_0)","decl":{"start":{"line":16,"column":72},"end":{"line":16,"column":73}},"loc":{"start":{"line":16,"column":79},"end":{"line":40,"column":1}},"line":16},"1":{"name":"(anonymous_1)","decl":{"start":{"line":18,"column":25},"end":{"line":18,"column":26}},"loc":{"start":{"line":18,"column":47},"end":{"line":39,"column":3}},"line":18}},"branchMap":{"0":{"loc":{"start":{"line":17,"column":2},"end":{"line":17,"column":20}},"type":"if","locations":[{"start":{"line":17,"column":2},"end":{"line":17,"column":20}},{"start":{"line":17,"column":2},"end":{"line":17,"column":20}}],"line":17},"1":{"loc":{"start":{"line":20,"column":4},"end":{"line":20,"column":22}},"type":"if","locations":[{"start":{"line":20,"column":4},"end":{"line":20,"column":22}},{"start":{"line":20,"column":4},"end":{"line":20,"column":22}}],"line":20},"2":{"loc":{"start":{"line":29,"column":4},"end":{"line":32,"column":5}},"type":"if","locations":[{"start":{"line":29,"column":4},"end":{"line":32,"column":5}},{"start":{"line":29,"column":4},"end":{"line":32,"column":5}}],"line":29}},"s":{"0":0,"1":0,"2":0,"3":0,"4":0,"5":0,"6":0,"7":0,"8":0,"9":0,"10":0,"11":0,"12":0,"13":0,"14":0,"15":0,"16":0,"17":0,"18":0,"19":0,"20":0,"21":0,"22":0,"23":0},"f":{"0":0,"1":0},"b":{"0":[0,0],"1":[0,0],"2":[0,0]}},"/home/codermarcos/git/simple-mask-money/examples/3.x.x/vue/build/check-versions.js":{"path":"/home/codermarcos/git/simple-mask-money/examples/3.x.x/vue/build/check-versions.js","statementMap":{"0":{"start":{"line":1,"column":12},"end":{"line":1,"column":28}},"1":{"start":{"line":2,"column":13},"end":{"line":2,"column":30}},"2":{"start":{"line":3,"column":20},"end":{"line":3,"column":46}},"3":{"start":{"line":4,"column":12},"end":{"line":4,"column":30}},"4":{"start":{"line":6,"column":2},"end":{"line":6,"column":65}},"5":{"start":{"line":9,"column":26},"end":{"line":15,"column":1}},"6":{"start":{"line":17,"column":0},"end":{"line":23,"column":1}},"7":{"start":{"line":18,"column":2},"end":{"line":22,"column":4}},"8":{"start":{"line":25,"column":0},"end":{"line":48,"column":1}},"9":{"start":{"line":26,"column":17},"end":{"line":26,"column":19}},"10":{"start":{"line":27,"column":2},"end":{"line":35,"column":3}},"11":{"start":{"line":28,"column":14},"end":{"line":28,"column":36}},"12":{"start":{"line":29,"column":4},"end":{"line":34,"column":5}},"13":{"start":{"line":30,"column":6},"end":{"line":33,"column":7}},"14":{"start":{"line":37,"column":2},"end":{"line":47,"column":3}},"15":{"start":{"line":38,"column":4},"end":{"line":38,"column":19}},"16":{"start":{"line":39,"column":4},"end":{"line":39,"column":92}},"17":{"start":{"line":40,"column":4},"end":{"line":40,"column":17}},"18":{"start":{"line":41,"column":4},"end":{"line":44,"column":5}},"19":{"start":{"line":42,"column":20},"end":{"line":42,"column":31}},"20":{"start":{"line":43,"column":6},"end":{"line":43,"column":33}},"21":{"start":{"line":45,"column":4},"end":{"line":45,"column":17}},"22":{"start":{"line":46,"column":4},"end":{"line":46,"column":19}}},"fnMap":{"0":{"name":"exec","decl":{"start":{"line":5,"column":9},"end":{"line":5,"column":13}},"loc":{"start":{"line":5,"column":20},"end":{"line":7,"column":1}},"line":5},"1":{"name":"(anonymous_1)","decl":{"start":{"line":25,"column":17},"end":{"line":25,"column":18}},"loc":{"start":{"line":25,"column":29},"end":{"line":48,"column":1}},"line":25}},"branchMap":{"0":{"loc":{"start":{"line":17,"column":0},"end":{"line":23,"column":1}},"type":"if","locations":[{"start":{"line":17,"column":0},"end":{"line":23,"column":1}},{"start":{"line":17,"column":0},"end":{"line":23,"column":1}}],"line":17},"1":{"loc":{"start":{"line":29,"column":4},"end":{"line":34,"column":5}},"type":"if","locations":[{"start":{"line":29,"column":4},"end":{"line":34,"column":5}},{"start":{"line":29,"column":4},"end":{"line":34,"column":5}}],"line":29},"2":{"loc":{"start":{"line":37,"column":2},"end":{"line":47,"column":3}},"type":"if","locations":[{"start":{"line":37,"column":2},"end":{"line":47,"column":3}},{"start":{"line":37,"column":2},"end":{"line":47,"column":3}}],"line":37}},"s":{"0":0,"1":0,"2":0,"3":0,"4":0,"5":0,"6":0,"7":0,"8":0,"9":0,"10":0,"11":0,"12":0,"13":0,"14":0,"15":0,"16":0,"17":0,"18":0,"19":0,"20":0,"21":0,"22":0},"f":{"0":0,"1":0},"b":{"0":[0,0],"1":[0,0],"2":[0,0]}},"/home/codermarcos/git/simple-mask-money/examples/3.x.x/vue/build/dev-client.js":{"path":"/home/codermarcos/git/simple-mask-money/examples/3.x.x/vue/build/dev-client.js","statementMap":{"0":{"start":{"line":2,"column":0},"end":{"line":2,"column":31}},"1":{"start":{"line":3,"column":16},"end":{"line":3,"column":80}},"2":{"start":{"line":5,"column":0},"end":{"line":9,"column":2}},"3":{"start":{"line":6,"column":2},"end":{"line":8,"column":3}},"4":{"start":{"line":7,"column":4},"end":{"line":7,"column":28}}},"fnMap":{"0":{"name":"(anonymous_0)","decl":{"start":{"line":5,"column":20},"end":{"line":5,"column":21}},"loc":{"start":{"line":5,"column":37},"end":{"line":9,"column":1}},"line":5}},"branchMap":{"0":{"loc":{"start":{"line":6,"column":2},"end":{"line":8,"column":3}},"type":"if","locations":[{"start":{"line":6,"column":2},"end":{"line":8,"column":3}},{"start":{"line":6,"column":2},"end":{"line":8,"column":3}}],"line":6}},"s":{"0":0,"1":0,"2":0,"3":0,"4":0},"f":{"0":0},"b":{"0":[0,0]}},"/home/codermarcos/git/simple-mask-money/examples/3.x.x/vue/build/dev-server.js":{"path":"/home/codermarcos/git/simple-mask-money/examples/3.x.x/vue/build/dev-server.js","statementMap":{"0":{"start":{"line":1,"column":0},"end":{"line":1,"column":29}},"1":{"start":{"line":3,"column":13},"end":{"line":3,"column":33}},"2":{"start":{"line":4,"column":0},"end":{"line":6,"column":1}},"3":{"start":{"line":5,"column":2},"end":{"line":5,"column":60}},"4":{"start":{"line":8,"column":10},"end":{"line":8,"column":24}},"5":{"start":{"line":9,"column":11},"end":{"line":9,"column":26}},"6":{"start":{"line":10,"column":14},"end":{"line":10,"column":32}},"7":{"start":{"line":11,"column":14},"end":{"line":11,"column":32}},"8":{"start":{"line":12,"column":22},"end":{"line":12,"column":54}},"9":{"start":{"line":13,"column":20},"end":{"line":13,"column":49}},"10":{"start":{"line":16,"column":11},"end":{"line":16,"column":46}},"11":{"start":{"line":18,"column":22},"end":{"line":18,"column":50}},"12":{"start":{"line":21,"column":17},"end":{"line":21,"column":38}},"13":{"start":{"line":23,"column":10},"end":{"line":23,"column":19}},"14":{"start":{"line":24,"column":15},"end":{"line":24,"column":37}},"15":{"start":{"line":26,"column":20},"end":{"line":29,"column":2}},"16":{"start":{"line":31,"column":20},"end":{"line":34,"column":2}},"17":{"start":{"line":36,"column":0},"end":{"line":41,"column":2}},"18":{"start":{"line":37,"column":2},"end":{"line":40,"column":4}},"19":{"start":{"line":38,"column":4},"end":{"line":38,"column":47}},"20":{"start":{"line":39,"column":4},"end":{"line":39,"column":8}},"21":{"start":{"line":44,"column":0},"end":{"line":50,"column":2}},"22":{"start":{"line":45,"column":16},"end":{"line":45,"column":35}},"23":{"start":{"line":46,"column":2},"end":{"line":48,"column":3}},"24":{"start":{"line":47,"column":4},"end":{"line":47,"column":33}},"25":{"start":{"line":49,"column":2},"end":{"line":49,"column":62}},"26":{"start":{"line":53,"column":0},"end":{"line":53,"column":50}},"27":{"start":{"line":56,"column":0},"end":{"line":56,"column":22}},"28":{"start":{"line":60,"column":0},"end":{"line":60,"column":22}},"29":{"start":{"line":63,"column":17},"end":{"line":63,"column":92}},"30":{"start":{"line":64,"column":0},"end":{"line":64,"column":47}},"31":{"start":{"line":66,"column":10},"end":{"line":66,"column":36}},"32":{"start":{"line":69,"column":19},"end":{"line":71,"column":2}},"33":{"start":{"line":70,"column":2},"end":{"line":70,"column":20}},"34":{"start":{"line":73,"column":0},"end":{"line":73,"column":39}},"35":{"start":{"line":74,"column":0},"end":{"line":81,"column":2}},"36":{"start":{"line":75,"column":2},"end":{"line":75,"column":45}},"37":{"start":{"line":77,"column":2},"end":{"line":79,"column":3}},"38":{"start":{"line":78,"column":4},"end":{"line":78,"column":12}},"39":{"start":{"line":80,"column":2},"end":{"line":80,"column":12}},"40":{"start":{"line":83,"column":13},"end":{"line":83,"column":29}},"41":{"start":{"line":85,"column":0},"end":{"line":90,"column":1}},"42":{"start":{"line":88,"column":4},"end":{"line":88,"column":18}}},"fnMap":{"0":{"name":"(anonymous_0)","decl":{"start":{"line":36,"column":31},"end":{"line":36,"column":32}},"loc":{"start":{"line":36,"column":54},"end":{"line":41,"column":1}},"line":36},"1":{"name":"(anonymous_1)","decl":{"start":{"line":37,"column":55},"end":{"line":37,"column":56}},"loc":{"start":{"line":37,"column":75},"end":{"line":40,"column":3}},"line":37},"2":{"name":"(anonymous_2)","decl":{"start":{"line":44,"column":32},"end":{"line":44,"column":33}},"loc":{"start":{"line":44,"column":51},"end":{"line":50,"column":1}},"line":44},"3":{"name":"(anonymous_3)","decl":{"start":{"line":69,"column":31},"end":{"line":69,"column":32}},"loc":{"start":{"line":69,"column":42},"end":{"line":71,"column":1}},"line":69},"4":{"name":"(anonymous_4)","decl":{"start":{"line":74,"column":29},"end":{"line":74,"column":30}},"loc":{"start":{"line":74,"column":35},"end":{"line":81,"column":1}},"line":74},"5":{"name":"(anonymous_5)","decl":{"start":{"line":87,"column":9},"end":{"line":87,"column":10}},"loc":{"start":{"line":87,"column":15},"end":{"line":89,"column":3}},"line":87}},"branchMap":{"0":{"loc":{"start":{"line":4,"column":0},"end":{"line":6,"column":1}},"type":"if","locations":[{"start":{"line":4,"column":0},"end":{"line":6,"column":1}},{"start":{"line":4,"column":0},"end":{"line":6,"column":1}}],"line":4},"1":{"loc":{"start":{"line":16,"column":11},"end":{"line":16,"column":46}},"type":"binary-expr","locations":[{"start":{"line":16,"column":11},"end":{"line":16,"column":27}},{"start":{"line":16,"column":31},"end":{"line":16,"column":46}}],"line":16},"2":{"loc":{"start":{"line":46,"column":2},"end":{"line":48,"column":3}},"type":"if","locations":[{"start":{"line":46,"column":2},"end":{"line":48,"column":3}},{"start":{"line":46,"column":2},"end":{"line":48,"column":3}}],"line":46},"3":{"loc":{"start":{"line":49,"column":26},"end":{"line":49,"column":51}},"type":"binary-expr","locations":[{"start":{"line":49,"column":26},"end":{"line":49,"column":40}},{"start":{"line":49,"column":44},"end":{"line":49,"column":51}}],"line":49},"4":{"loc":{"start":{"line":77,"column":2},"end":{"line":79,"column":3}},"type":"if","locations":[{"start":{"line":77,"column":2},"end":{"line":79,"column":3}},{"start":{"line":77,"column":2},"end":{"line":79,"column":3}}],"line":77},"5":{"loc":{"start":{"line":77,"column":6},"end":{"line":77,"column":59}},"type":"binary-expr","locations":[{"start":{"line":77,"column":6},"end":{"line":77,"column":21}},{"start":{"line":77,"column":25},"end":{"line":77,"column":59}}],"line":77}},"s":{"0":0,"1":0,"2":0,"3":0,"4":0,"5":0,"6":0,"7":0,"8":0,"9":0,"10":0,"11":0,"12":0,"13":0,"14":0,"15":0,"16":0,"17":0,"18":0,"19":0,"20":0,"21":0,"22":0,"23":0,"24":0,"25":0,"26":0,"27":0,"28":0,"29":0,"30":0,"31":0,"32":0,"33":0,"34":0,"35":0,"36":0,"37":0,"38":0,"39":0,"40":0,"41":0,"42":0},"f":{"0":0,"1":0,"2":0,"3":0,"4":0,"5":0},"b":{"0":[0,0],"1":[0,0],"2":[0,0],"3":[0,0],"4":[0,0],"5":[0,0]}},"/home/codermarcos/git/simple-mask-money/examples/3.x.x/vue/build/utils.js":{"path":"/home/codermarcos/git/simple-mask-money/examples/3.x.x/vue/build/utils.js","statementMap":{"0":{"start":{"line":1,"column":11},"end":{"line":1,"column":26}},"1":{"start":{"line":2,"column":13},"end":{"line":2,"column":33}},"2":{"start":{"line":3,"column":24},"end":{"line":3,"column":62}},"3":{"start":{"line":5,"column":0},"end":{"line":10,"column":1}},"4":{"start":{"line":6,"column":27},"end":{"line":8,"column":35}},"5":{"start":{"line":9,"column":2},"end":{"line":9,"column":51}},"6":{"start":{"line":12,"column":0},"end":{"line":57,"column":1}},"7":{"start":{"line":13,"column":2},"end":{"line":13,"column":25}},"8":{"start":{"line":15,"column":18},"end":{"line":21,"column":3}},"9":{"start":{"line":25,"column":18},"end":{"line":25,"column":29}},"10":{"start":{"line":26,"column":4},"end":{"line":33,"column":5}},"11":{"start":{"line":27,"column":6},"end":{"line":32,"column":8}},"12":{"start":{"line":37,"column":4},"end":{"line":44,"column":5}},"13":{"start":{"line":38,"column":6},"end":{"line":41,"column":8}},"14":{"start":{"line":43,"column":6},"end":{"line":43,"column":49}},"15":{"start":{"line":48,"column":2},"end":{"line":56,"column":3}},"16":{"start":{"line":60,"column":0},"end":{"line":71,"column":1}},"17":{"start":{"line":61,"column":15},"end":{"line":61,"column":17}},"18":{"start":{"line":62,"column":16},"end":{"line":62,"column":43}},"19":{"start":{"line":63,"column":2},"end":{"line":69,"column":3}},"20":{"start":{"line":64,"column":17},"end":{"line":64,"column":35}},"21":{"start":{"line":65,"column":4},"end":{"line":68,"column":6}},"22":{"start":{"line":70,"column":2},"end":{"line":70,"column":15}}},"fnMap":{"0":{"name":"(anonymous_0)","decl":{"start":{"line":5,"column":21},"end":{"line":5,"column":22}},"loc":{"start":{"line":5,"column":38},"end":{"line":10,"column":1}},"line":5},"1":{"name":"(anonymous_1)","decl":{"start":{"line":12,"column":21},"end":{"line":12,"column":22}},"loc":{"start":{"line":12,"column":40},"end":{"line":57,"column":1}},"line":12},"2":{"name":"generateLoaders","decl":{"start":{"line":24,"column":11},"end":{"line":24,"column":26}},"loc":{"start":{"line":24,"column":51},"end":{"line":45,"column":3}},"line":24},"3":{"name":"(anonymous_3)","decl":{"start":{"line":60,"column":23},"end":{"line":60,"column":24}},"loc":{"start":{"line":60,"column":42},"end":{"line":71,"column":1}},"line":60}},"branchMap":{"0":{"loc":{"start":{"line":6,"column":27},"end":{"line":8,"column":35}},"type":"cond-expr","locations":[{"start":{"line":7,"column":6},"end":{"line":7,"column":37}},{"start":{"line":8,"column":6},"end":{"line":8,"column":35}}],"line":6},"1":{"loc":{"start":{"line":13,"column":12},"end":{"line":13,"column":25}},"type":"binary-expr","locations":[{"start":{"line":13,"column":12},"end":{"line":13,"column":19}},{"start":{"line":13,"column":23},"end":{"line":13,"column":25}}],"line":13},"2":{"loc":{"start":{"line":26,"column":4},"end":{"line":33,"column":5}},"type":"if","locations":[{"start":{"line":26,"column":4},"end":{"line":33,"column":5}},{"start":{"line":26,"column":4},"end":{"line":33,"column":5}}],"line":26},"3":{"loc":{"start":{"line":37,"column":4},"end":{"line":44,"column":5}},"type":"if","locations":[{"start":{"line":37,"column":4},"end":{"line":44,"column":5}},{"start":{"line":37,"column":4},"end":{"line":44,"column":5}}],"line":37}},"s":{"0":0,"1":0,"2":0,"3":0,"4":0,"5":0,"6":0,"7":0,"8":0,"9":0,"10":0,"11":0,"12":0,"13":0,"14":0,"15":0,"16":0,"17":0,"18":0,"19":0,"20":0,"21":0,"22":0},"f":{"0":0,"1":0,"2":0,"3":0},"b":{"0":[0,0],"1":[0,0],"2":[0,0],"3":[0,0]}},"/home/codermarcos/git/simple-mask-money/examples/3.x.x/vue/build/vue-loader.conf.js":{"path":"/home/codermarcos/git/simple-mask-money/examples/3.x.x/vue/build/vue-loader.conf.js","statementMap":{"0":{"start":{"line":1,"column":12},"end":{"line":1,"column":30}},"1":{"start":{"line":2,"column":13},"end":{"line":2,"column":33}},"2":{"start":{"line":3,"column":19},"end":{"line":3,"column":56}},"3":{"start":{"line":5,"column":0},"end":{"line":18,"column":1}}},"fnMap":{},"branchMap":{"0":{"loc":{"start":{"line":7,"column":15},"end":{"line":9,"column":31}},"type":"cond-expr","locations":[{"start":{"line":8,"column":8},"end":{"line":8,"column":40}},{"start":{"line":9,"column":8},"end":{"line":9,"column":31}}],"line":7}},"s":{"0":0,"1":0,"2":0,"3":0},"f":{},"b":{"0":[0,0]}},"/home/codermarcos/git/simple-mask-money/examples/3.x.x/vue/build/webpack.base.conf.js":{"path":"/home/codermarcos/git/simple-mask-money/examples/3.x.x/vue/build/webpack.base.conf.js","statementMap":{"0":{"start":{"line":1,"column":11},"end":{"line":1,"column":26}},"1":{"start":{"line":2,"column":12},"end":{"line":2,"column":30}},"2":{"start":{"line":3,"column":13},"end":{"line":3,"column":33}},"3":{"start":{"line":4,"column":22},"end":{"line":4,"column":50}},"4":{"start":{"line":7,"column":2},"end":{"line":7,"column":40}},"5":{"start":{"line":10,"column":0},"end":{"line":66,"column":1}}},"fnMap":{"0":{"name":"resolve","decl":{"start":{"line":6,"column":9},"end":{"line":6,"column":16}},"loc":{"start":{"line":6,"column":23},"end":{"line":8,"column":1}},"line":6}},"branchMap":{"0":{"loc":{"start":{"line":17,"column":16},"end":{"line":19,"column":35}},"type":"cond-expr","locations":[{"start":{"line":18,"column":8},"end":{"line":18,"column":37}},{"start":{"line":19,"column":8},"end":{"line":19,"column":35}}],"line":17}},"s":{"0":0,"1":0,"2":0,"3":0,"4":0,"5":0},"f":{"0":0},"b":{"0":[0,0]}},"/home/codermarcos/git/simple-mask-money/examples/3.x.x/vue/build/webpack.dev.conf.js":{"path":"/home/codermarcos/git/simple-mask-money/examples/3.x.x/vue/build/webpack.dev.conf.js","statementMap":{"0":{"start":{"line":1,"column":12},"end":{"line":1,"column":30}},"1":{"start":{"line":2,"column":14},"end":{"line":2,"column":32}},"2":{"start":{"line":3,"column":13},"end":{"line":3,"column":33}},"3":{"start":{"line":4,"column":12},"end":{"line":4,"column":36}},"4":{"start":{"line":5,"column":24},"end":{"line":5,"column":54}},"5":{"start":{"line":6,"column":24},"end":{"line":6,"column":54}},"6":{"start":{"line":7,"column":27},"end":{"line":7,"column":68}},"7":{"start":{"line":10,"column":0},"end":{"line":12,"column":2}},"8":{"start":{"line":11,"column":2},"end":{"line":11,"column":94}},"9":{"start":{"line":14,"column":0},"end":{"line":35,"column":2}}},"fnMap":{"0":{"name":"(anonymous_0)","decl":{"start":{"line":10,"column":45},"end":{"line":10,"column":46}},"loc":{"start":{"line":10,"column":61},"end":{"line":12,"column":1}},"line":10}},"branchMap":{},"s":{"0":0,"1":0,"2":0,"3":0,"4":0,"5":0,"6":0,"7":0,"8":0,"9":0},"f":{"0":0},"b":{}},"/home/codermarcos/git/simple-mask-money/examples/3.x.x/vue/build/webpack.prod.conf.js":{"path":"/home/codermarcos/git/simple-mask-money/examples/3.x.x/vue/build/webpack.prod.conf.js","statementMap":{"0":{"start":{"line":1,"column":11},"end":{"line":1,"column":26}},"1":{"start":{"line":2,"column":12},"end":{"line":2,"column":30}},"2":{"start":{"line":3,"column":14},"end":{"line":3,"column":32}},"3":{"start":{"line":4,"column":13},"end":{"line":4,"column":33}},"4":{"start":{"line":5,"column":12},"end":{"line":5,"column":36}},"5":{"start":{"line":6,"column":24},"end":{"line":6,"column":54}},"6":{"start":{"line":7,"column":24},"end":{"line":7,"column":54}},"7":{"start":{"line":8,"column":24},"end":{"line":8,"column":54}},"8":{"start":{"line":9,"column":24},"end":{"line":9,"column":62}},"9":{"start":{"line":10,"column":24},"end":{"line":10,"column":69}},"10":{"start":{"line":12,"column":10},"end":{"line":12,"column":26}},"11":{"start":{"line":14,"column":20},"end":{"line":97,"column":2}},"12":{"start":{"line":73,"column":8},"end":{"line":79,"column":9}},"13":{"start":{"line":99,"column":0},"end":{"line":115,"column":1}},"14":{"start":{"line":100,"column":33},"end":{"line":100,"column":70}},"15":{"start":{"line":102,"column":2},"end":{"line":114,"column":3}},"16":{"start":{"line":117,"column":0},"end":{"line":120,"column":1}},"17":{"start":{"line":118,"column":29},"end":{"line":118,"column":84}},"18":{"start":{"line":119,"column":2},"end":{"line":119,"column":56}},"19":{"start":{"line":122,"column":0},"end":{"line":122,"column":30}}},"fnMap":{"0":{"name":"(anonymous_0)","decl":{"start":{"line":71,"column":17},"end":{"line":71,"column":18}},"loc":{"start":{"line":71,"column":42},"end":{"line":80,"column":7}},"line":71}},"branchMap":{"0":{"loc":{"start":{"line":21,"column":11},"end":{"line":21,"column":67}},"type":"cond-expr","locations":[{"start":{"line":21,"column":46},"end":{"line":21,"column":59}},{"start":{"line":21,"column":62},"end":{"line":21,"column":67}}],"line":21},"1":{"loc":{"start":{"line":74,"column":10},"end":{"line":78,"column":17}},"type":"binary-expr","locations":[{"start":{"line":74,"column":10},"end":{"line":74,"column":25}},{"start":{"line":75,"column":10},"end":{"line":75,"column":39}},{"start":{"line":76,"column":10},"end":{"line":78,"column":17}}],"line":74},"2":{"loc":{"start":{"line":99,"column":0},"end":{"line":115,"column":1}},"type":"if","locations":[{"start":{"line":99,"column":0},"end":{"line":115,"column":1}},{"start":{"line":99,"column":0},"end":{"line":115,"column":1}}],"line":99},"3":{"loc":{"start":{"line":117,"column":0},"end":{"line":120,"column":1}},"type":"if","locations":[{"start":{"line":117,"column":0},"end":{"line":120,"column":1}},{"start":{"line":117,"column":0},"end":{"line":120,"column":1}}],"line":117}},"s":{"0":0,"1":0,"2":0,"3":0,"4":0,"5":0,"6":0,"7":0,"8":0,"9":0,"10":0,"11":0,"12":0,"13":0,"14":0,"15":0,"16":0,"17":0,"18":0,"19":0},"f":{"0":0},"b":{"0":[0,0],"1":[0,0,0],"2":[0,0],"3":[0,0]}},"/home/codermarcos/git/simple-mask-money/examples/3.x.x/vue/config/dev.env.js":{"path":"/home/codermarcos/git/simple-mask-money/examples/3.x.x/vue/config/dev.env.js","statementMap":{"0":{"start":{"line":1,"column":12},"end":{"line":1,"column":36}},"1":{"start":{"line":2,"column":14},"end":{"line":2,"column":35}},"2":{"start":{"line":4,"column":0},"end":{"line":6,"column":2}}},"fnMap":{},"branchMap":{},"s":{"0":0,"1":0,"2":0},"f":{},"b":{}},"/home/codermarcos/git/simple-mask-money/examples/3.x.x/vue/config/index.js":{"path":"/home/codermarcos/git/simple-mask-money/examples/3.x.x/vue/config/index.js","statementMap":{"0":{"start":{"line":2,"column":11},"end":{"line":2,"column":26}},"1":{"start":{"line":4,"column":0},"end":{"line":38,"column":1}}},"fnMap":{},"branchMap":{},"s":{"0":0,"1":0},"f":{},"b":{}},"/home/codermarcos/git/simple-mask-money/examples/3.x.x/vue/config/prod.env.js":{"path":"/home/codermarcos/git/simple-mask-money/examples/3.x.x/vue/config/prod.env.js","statementMap":{"0":{"start":{"line":1,"column":0},"end":{"line":3,"column":1}}},"fnMap":{},"branchMap":{},"s":{"0":0},"f":{},"b":{}},"/home/codermarcos/git/simple-mask-money/examples/3.x.x/vue/src/main.js":{"path":"/home/codermarcos/git/simple-mask-money/examples/3.x.x/vue/src/main.js","statementMap":{"0":{"start":{"line":6,"column":0},"end":{"line":6,"column":32}},"1":{"start":{"line":9,"column":0},"end":{"line":13,"column":2}}},"fnMap":{},"branchMap":{},"s":{"0":0,"1":0},"f":{},"b":{}},"/home/codermarcos/git/simple-mask-money/lib/simple-mask-money.js":{"path":"/home/codermarcos/git/simple-mask-money/lib/simple-mask-money.js","statementMap":{"0":{"start":{"line":1,"column":0},"end":{"line":1,"column":10080}},"1":{"start":{"line":1,"column":15},"end":{"line":1,"column":156}},"2":{"start":{"line":1,"column":193},"end":{"line":1,"column":394}},"3":{"start":{"line":1,"column":265},"end":{"line":1,"column":280}},"4":{"start":{"line":1,"column":294},"end":{"line":1,"column":393}},"5":{"start":{"line":1,"column":397},"end":{"line":1,"column":639}},"6":{"start":{"line":1,"column":424},"end":{"line":1,"column":573}},"7":{"start":{"line":1,"column":458},"end":{"line":1,"column":462}},"8":{"start":{"line":1,"column":463},"end":{"line":1,"column":572}},"9":{"start":{"line":1,"column":574},"end":{"line":1,"column":636}},"10":{"start":{"line":1,"column":597},"end":{"line":1,"column":635}},"11":{"start":{"line":1,"column":646},"end":{"line":1,"column":2008}},"12":{"start":{"line":1,"column":671},"end":{"line":1,"column":1034}},"13":{"start":{"line":1,"column":686},"end":{"line":1,"column":763}},"14":{"start":{"line":1,"column":707},"end":{"line":1,"column":763}},"15":{"start":{"line":1,"column":1035},"end":{"line":1,"column":2005}},"16":{"start":{"line":1,"column":1078},"end":{"line":1,"column":1999}},"17":{"start":{"line":1,"column":2011},"end":{"line":1,"column":2253}},"18":{"start":{"line":1,"column":2038},"end":{"line":1,"column":2187}},"19":{"start":{"line":1,"column":2072},"end":{"line":1,"column":2076}},"20":{"start":{"line":1,"column":2077},"end":{"line":1,"column":2186}},"21":{"start":{"line":1,"column":2188},"end":{"line":1,"column":2250}},"22":{"start":{"line":1,"column":2211},"end":{"line":1,"column":2249}},"23":{"start":{"line":1,"column":2260},"end":{"line":1,"column":6865}},"24":{"start":{"line":1,"column":2285},"end":{"line":1,"column":2405}},"25":{"start":{"line":1,"column":2300},"end":{"line":1,"column":2377}},"26":{"start":{"line":1,"column":2321},"end":{"line":1,"column":2377}},"27":{"start":{"line":1,"column":2406},"end":{"line":1,"column":6862}},"28":{"start":{"line":1,"column":2460},"end":{"line":1,"column":2559}},"29":{"start":{"line":1,"column":2541},"end":{"line":1,"column":2559}},"30":{"start":{"line":1,"column":2559},"end":{"line":1,"column":2567}},"31":{"start":{"line":1,"column":2605},"end":{"line":1,"column":2632}},"32":{"start":{"line":1,"column":2674},"end":{"line":1,"column":2943}},"33":{"start":{"line":1,"column":2838},"end":{"line":1,"column":2943}},"34":{"start":{"line":1,"column":2943},"end":{"line":1,"column":2976}},"35":{"start":{"line":1,"column":3014},"end":{"line":1,"column":3041}},"36":{"start":{"line":1,"column":3095},"end":{"line":1,"column":3107}},"37":{"start":{"line":1,"column":3108},"end":{"line":1,"column":3208}},"38":{"start":{"line":1,"column":3251},"end":{"line":1,"column":3307}},"39":{"start":{"line":1,"column":3308},"end":{"line":1,"column":3364}},"40":{"start":{"line":1,"column":3417},"end":{"line":1,"column":3429}},"41":{"start":{"line":1,"column":3430},"end":{"line":1,"column":3475}},"42":{"start":{"line":1,"column":3521},"end":{"line":1,"column":3527}},"43":{"start":{"line":1,"column":3530},"end":{"line":1,"column":3540}},"44":{"start":{"line":1,"column":3543},"end":{"line":1,"column":3546}},"45":{"start":{"line":1,"column":3549},"end":{"line":1,"column":3615}},"46":{"start":{"line":1,"column":3618},"end":{"line":1,"column":3684}},"47":{"start":{"line":1,"column":3685},"end":{"line":1,"column":3871}},"48":{"start":{"line":1,"column":3717},"end":{"line":1,"column":3721}},"49":{"start":{"line":1,"column":3721},"end":{"line":1,"column":3727}},"50":{"start":{"line":1,"column":3734},"end":{"line":1,"column":3834}},"51":{"start":{"line":1,"column":3834},"end":{"line":1,"column":3840}},"52":{"start":{"line":1,"column":3848},"end":{"line":1,"column":3870}},"53":{"start":{"line":1,"column":3871},"end":{"line":1,"column":3879}},"54":{"start":{"line":1,"column":3921},"end":{"line":1,"column":4014}},"55":{"start":{"line":1,"column":4050},"end":{"line":1,"column":4063}},"56":{"start":{"line":1,"column":4102},"end":{"line":1,"column":4146}},"57":{"start":{"line":1,"column":4149},"end":{"line":1,"column":4200}},"58":{"start":{"line":1,"column":4201},"end":{"line":1,"column":4259}},"59":{"start":{"line":1,"column":4265},"end":{"line":1,"column":4281}},"60":{"start":{"line":1,"column":4282},"end":{"line":1,"column":4642}},"61":{"start":{"line":1,"column":4689},"end":{"line":1,"column":4705}},"62":{"start":{"line":1,"column":4708},"end":{"line":1,"column":4729}},"63":{"start":{"line":1,"column":4730},"end":{"line":1,"column":5109}},"64":{"start":{"line":1,"column":4813},"end":{"line":1,"column":5031}},"65":{"start":{"line":1,"column":4839},"end":{"line":1,"column":4851}},"66":{"start":{"line":1,"column":4854},"end":{"line":1,"column":4858}},"67":{"start":{"line":1,"column":4861},"end":{"line":1,"column":4865}},"68":{"start":{"line":1,"column":4866},"end":{"line":1,"column":4931}},"69":{"start":{"line":1,"column":4937},"end":{"line":1,"column":5031}},"70":{"start":{"line":1,"column":5031},"end":{"line":1,"column":5108}},"71":{"start":{"line":1,"column":5109},"end":{"line":1,"column":5197}},"72":{"start":{"line":1,"column":5236},"end":{"line":1,"column":5483}},"73":{"start":{"line":1,"column":5327},"end":{"line":1,"column":5483}},"74":{"start":{"line":1,"column":5483},"end":{"line":1,"column":5507}},"75":{"start":{"line":1,"column":5553},"end":{"line":1,"column":5727}},"76":{"start":{"line":1,"column":5674},"end":{"line":1,"column":5727}},"77":{"start":{"line":1,"column":5727},"end":{"line":1,"column":5735}},"78":{"start":{"line":1,"column":5776},"end":{"line":1,"column":5869}},"79":{"start":{"line":1,"column":5916},"end":{"line":1,"column":5976}},"80":{"start":{"line":1,"column":5977},"end":{"line":1,"column":6074}},"81":{"start":{"line":1,"column":5994},"end":{"line":1,"column":6010}},"82":{"start":{"line":1,"column":6011},"end":{"line":1,"column":6073}},"83":{"start":{"line":1,"column":6074},"end":{"line":1,"column":6082}},"84":{"start":{"line":1,"column":6135},"end":{"line":1,"column":6192}},"85":{"start":{"line":1,"column":6193},"end":{"line":1,"column":6235}},"86":{"start":{"line":1,"column":6282},"end":{"line":1,"column":6294}},"87":{"start":{"line":1,"column":6297},"end":{"line":1,"column":6313}},"88":{"start":{"line":1,"column":6314},"end":{"line":1,"column":6519}},"89":{"start":{"line":1,"column":6569},"end":{"line":1,"column":6581}},"90":{"start":{"line":1,"column":6584},"end":{"line":1,"column":6600}},"91":{"start":{"line":1,"column":6601},"end":{"line":1,"column":6856}},"92":{"start":{"line":1,"column":6868},"end":{"line":1,"column":8119}},"93":{"start":{"line":1,"column":6904},"end":{"line":1,"column":6906}},"94":{"start":{"line":1,"column":6907},"end":{"line":1,"column":7133}},"95":{"start":{"line":1,"column":6931},"end":{"line":1,"column":6950}},"96":{"start":{"line":1,"column":6955},"end":{"line":1,"column":7133}},"97":{"start":{"line":1,"column":6978},"end":{"line":1,"column":6988}},"98":{"start":{"line":1,"column":6994},"end":{"line":1,"column":7026}},"99":{"start":{"line":1,"column":7029},"end":{"line":1,"column":7073}},"100":{"start":{"line":1,"column":7074},"end":{"line":1,"column":7132}},"101":{"start":{"line":1,"column":7133},"end":{"line":1,"column":7141}},"102":{"start":{"line":1,"column":7174},"end":{"line":1,"column":7363}},"103":{"start":{"line":1,"column":7197},"end":{"line":1,"column":7232}},"104":{"start":{"line":1,"column":7237},"end":{"line":1,"column":7363}},"105":{"start":{"line":1,"column":7265},"end":{"line":1,"column":7284}},"106":{"start":{"line":1,"column":7285},"end":{"line":1,"column":7362}},"107":{"start":{"line":1,"column":7391},"end":{"line":1,"column":7487}},"108":{"start":{"line":1,"column":7425},"end":{"line":1,"column":7436}},"109":{"start":{"line":1,"column":7459},"end":{"line":1,"column":7470}},"110":{"start":{"line":1,"column":7478},"end":{"line":1,"column":7486}},"111":{"start":{"line":1,"column":7525},"end":{"line":1,"column":7529}},"112":{"start":{"line":1,"column":7530},"end":{"line":1,"column":7544}},"113":{"start":{"line":1,"column":7550},"end":{"line":1,"column":7679}},"114":{"start":{"line":1,"column":7562},"end":{"line":1,"column":7678}},"115":{"start":{"line":1,"column":7613},"end":{"line":1,"column":7629}},"116":{"start":{"line":1,"column":7647},"end":{"line":1,"column":7675}},"117":{"start":{"line":1,"column":7680},"end":{"line":1,"column":7704}},"118":{"start":{"line":1,"column":7700},"end":{"line":1,"column":7704}},"119":{"start":{"line":1,"column":7734},"end":{"line":1,"column":7738}},"120":{"start":{"line":1,"column":7739},"end":{"line":1,"column":8056}},"121":{"start":{"line":1,"column":7784},"end":{"line":1,"column":7791}},"122":{"start":{"line":1,"column":7792},"end":{"line":1,"column":7815}},"123":{"start":{"line":1,"column":7821},"end":{"line":1,"column":7830}},"124":{"start":{"line":1,"column":7833},"end":{"line":1,"column":7854}},"125":{"start":{"line":1,"column":7857},"end":{"line":1,"column":7875}},"126":{"start":{"line":1,"column":7876},"end":{"line":1,"column":8054}},"127":{"start":{"line":1,"column":8082},"end":{"line":1,"column":8117}},"128":{"start":{"line":1,"column":8122},"end":{"line":1,"column":8323}},"129":{"start":{"line":1,"column":8194},"end":{"line":1,"column":8209}},"130":{"start":{"line":1,"column":8223},"end":{"line":1,"column":8322}},"131":{"start":{"line":1,"column":8326},"end":{"line":1,"column":8568}},"132":{"start":{"line":1,"column":8353},"end":{"line":1,"column":8502}},"133":{"start":{"line":1,"column":8387},"end":{"line":1,"column":8391}},"134":{"start":{"line":1,"column":8392},"end":{"line":1,"column":8501}},"135":{"start":{"line":1,"column":8503},"end":{"line":1,"column":8565}},"136":{"start":{"line":1,"column":8526},"end":{"line":1,"column":8564}},"137":{"start":{"line":1,"column":8575},"end":{"line":1,"column":8580}},"138":{"start":{"line":1,"column":8581},"end":{"line":1,"column":10077}},"139":{"start":{"line":1,"column":8612},"end":{"line":1,"column":8713}},"140":{"start":{"line":1,"column":8627},"end":{"line":1,"column":8704}},"141":{"start":{"line":1,"column":8648},"end":{"line":1,"column":8704}},"142":{"start":{"line":1,"column":8714},"end":{"line":1,"column":10074}},"143":{"start":{"line":1,"column":8781},"end":{"line":1,"column":8844}},"144":{"start":{"line":1,"column":8845},"end":{"line":1,"column":8868}},"145":{"start":{"line":1,"column":8874},"end":{"line":1,"column":8915}},"146":{"start":{"line":1,"column":8918},"end":{"line":1,"column":8951}},"147":{"start":{"line":1,"column":8954},"end":{"line":1,"column":9030}},"148":{"start":{"line":1,"column":9031},"end":{"line":1,"column":9061}},"149":{"start":{"line":1,"column":9110},"end":{"line":1,"column":9173}},"150":{"start":{"line":1,"column":9176},"end":{"line":1,"column":9188}},"151":{"start":{"line":1,"column":9189},"end":{"line":1,"column":9212}},"152":{"start":{"line":1,"column":9218},"end":{"line":1,"column":9227}},"153":{"start":{"line":1,"column":9228},"end":{"line":1,"column":9258}},"154":{"start":{"line":1,"column":9309},"end":{"line":1,"column":9372}},"155":{"start":{"line":1,"column":9375},"end":{"line":1,"column":9387}},"156":{"start":{"line":1,"column":9388},"end":{"line":1,"column":9411}},"157":{"start":{"line":1,"column":9417},"end":{"line":1,"column":9420}},"158":{"start":{"line":1,"column":9423},"end":{"line":1,"column":9464}},"159":{"start":{"line":1,"column":9465},"end":{"line":1,"column":9630}},"160":{"start":{"line":1,"column":9668},"end":{"line":1,"column":9747}},"161":{"start":{"line":1,"column":9700},"end":{"line":1,"column":9747}},"162":{"start":{"line":1,"column":9753},"end":{"line":1,"column":9799}},"163":{"start":{"line":1,"column":9802},"end":{"line":1,"column":9865}},"164":{"start":{"line":1,"column":9866},"end":{"line":1,"column":10002}},"165":{"start":{"line":1,"column":9956},"end":{"line":1,"column":9999}},"166":{"start":{"line":1,"column":10032},"end":{"line":1,"column":10040}},"167":{"start":{"line":1,"column":10058},"end":{"line":1,"column":10068}}},"fnMap":{"0":{"name":"(anonymous_0)","decl":{"start":{"line":1,"column":1},"end":{"line":1,"column":2}},"loc":{"start":{"line":1,"column":14},"end":{"line":1,"column":157}},"line":1},"1":{"name":"(anonymous_1)","decl":{"start":{"line":1,"column":163},"end":{"line":1,"column":164}},"loc":{"start":{"line":1,"column":173},"end":{"line":1,"column":10078}},"line":1},"2":{"name":"(anonymous_2)","decl":{"start":{"line":1,"column":253},"end":{"line":1,"column":254}},"loc":{"start":{"line":1,"column":264},"end":{"line":1,"column":281}},"line":1},"3":{"name":"(anonymous_3)","decl":{"start":{"line":1,"column":282},"end":{"line":1,"column":283}},"loc":{"start":{"line":1,"column":293},"end":{"line":1,"column":394}},"line":1},"4":{"name":"(anonymous_4)","decl":{"start":{"line":1,"column":397},"end":{"line":1,"column":398}},"loc":{"start":{"line":1,"column":407},"end":{"line":1,"column":637}},"line":1},"5":{"name":"i","decl":{"start":{"line":1,"column":417},"end":{"line":1,"column":418}},"loc":{"start":{"line":1,"column":423},"end":{"line":1,"column":574}},"line":1},"6":{"name":"(anonymous_6)","decl":{"start":{"line":1,"column":581},"end":{"line":1,"column":582}},"loc":{"start":{"line":1,"column":596},"end":{"line":1,"column":636}},"line":1},"7":{"name":"(anonymous_7)","decl":{"start":{"line":1,"column":646},"end":{"line":1,"column":647}},"loc":{"start":{"line":1,"column":656},"end":{"line":1,"column":2006}},"line":1},"8":{"name":"t","decl":{"start":{"line":1,"column":666},"end":{"line":1,"column":667}},"loc":{"start":{"line":1,"column":670},"end":{"line":1,"column":1035}},"line":1},"9":{"name":"(anonymous_9)","decl":{"start":{"line":1,"column":672},"end":{"line":1,"column":673}},"loc":{"start":{"line":1,"column":685},"end":{"line":1,"column":764}},"line":1},"10":{"name":"(anonymous_10)","decl":{"start":{"line":1,"column":790},"end":{"line":1,"column":791}},"loc":{"start":{"line":1,"column":800},"end":{"line":1,"column":802}},"line":1},"11":{"name":"(anonymous_11)","decl":{"start":{"line":1,"column":843},"end":{"line":1,"column":844}},"loc":{"start":{"line":1,"column":853},"end":{"line":1,"column":855}},"line":1},"12":{"name":"(anonymous_12)","decl":{"start":{"line":1,"column":1066},"end":{"line":1,"column":1067}},"loc":{"start":{"line":1,"column":1077},"end":{"line":1,"column":2000}},"line":1},"13":{"name":"(anonymous_13)","decl":{"start":{"line":1,"column":2011},"end":{"line":1,"column":2012}},"loc":{"start":{"line":1,"column":2021},"end":{"line":1,"column":2251}},"line":1},"14":{"name":"i","decl":{"start":{"line":1,"column":2031},"end":{"line":1,"column":2032}},"loc":{"start":{"line":1,"column":2037},"end":{"line":1,"column":2188}},"line":1},"15":{"name":"(anonymous_15)","decl":{"start":{"line":1,"column":2195},"end":{"line":1,"column":2196}},"loc":{"start":{"line":1,"column":2210},"end":{"line":1,"column":2250}},"line":1},"16":{"name":"(anonymous_16)","decl":{"start":{"line":1,"column":2260},"end":{"line":1,"column":2261}},"loc":{"start":{"line":1,"column":2270},"end":{"line":1,"column":6863}},"line":1},"17":{"name":"t","decl":{"start":{"line":1,"column":2280},"end":{"line":1,"column":2281}},"loc":{"start":{"line":1,"column":2284},"end":{"line":1,"column":2406}},"line":1},"18":{"name":"(anonymous_18)","decl":{"start":{"line":1,"column":2286},"end":{"line":1,"column":2287}},"loc":{"start":{"line":1,"column":2299},"end":{"line":1,"column":2378}},"line":1},"19":{"name":"(anonymous_19)","decl":{"start":{"line":1,"column":2444},"end":{"line":1,"column":2445}},"loc":{"start":{"line":1,"column":2459},"end":{"line":1,"column":2568}},"line":1},"20":{"name":"(anonymous_20)","decl":{"start":{"line":1,"column":2593},"end":{"line":1,"column":2594}},"loc":{"start":{"line":1,"column":2604},"end":{"line":1,"column":2633}},"line":1},"21":{"name":"(anonymous_21)","decl":{"start":{"line":1,"column":2662},"end":{"line":1,"column":2663}},"loc":{"start":{"line":1,"column":2673},"end":{"line":1,"column":2977}},"line":1},"22":{"name":"(anonymous_22)","decl":{"start":{"line":1,"column":3002},"end":{"line":1,"column":3003}},"loc":{"start":{"line":1,"column":3013},"end":{"line":1,"column":3042}},"line":1},"23":{"name":"(anonymous_23)","decl":{"start":{"line":1,"column":3075},"end":{"line":1,"column":3076}},"loc":{"start":{"line":1,"column":3086},"end":{"line":1,"column":3209}},"line":1},"24":{"name":"(anonymous_24)","decl":{"start":{"line":1,"column":3234},"end":{"line":1,"column":3235}},"loc":{"start":{"line":1,"column":3244},"end":{"line":1,"column":3365}},"line":1},"25":{"name":"(anonymous_25)","decl":{"start":{"line":1,"column":3397},"end":{"line":1,"column":3398}},"loc":{"start":{"line":1,"column":3410},"end":{"line":1,"column":3476}},"line":1},"26":{"name":"(anonymous_26)","decl":{"start":{"line":1,"column":3503},"end":{"line":1,"column":3504}},"loc":{"start":{"line":1,"column":3514},"end":{"line":1,"column":3880}},"line":1},"27":{"name":"(anonymous_27)","decl":{"start":{"line":1,"column":3910},"end":{"line":1,"column":3911}},"loc":{"start":{"line":1,"column":3920},"end":{"line":1,"column":4015}},"line":1},"28":{"name":"(anonymous_28)","decl":{"start":{"line":1,"column":4038},"end":{"line":1,"column":4039}},"loc":{"start":{"line":1,"column":4049},"end":{"line":1,"column":4064}},"line":1},"29":{"name":"(anonymous_29)","decl":{"start":{"line":1,"column":4084},"end":{"line":1,"column":4085}},"loc":{"start":{"line":1,"column":4095},"end":{"line":1,"column":4643}},"line":1},"30":{"name":"(anonymous_30)","decl":{"start":{"line":1,"column":4671},"end":{"line":1,"column":4672}},"loc":{"start":{"line":1,"column":4682},"end":{"line":1,"column":5198}},"line":1},"31":{"name":"(anonymous_31)","decl":{"start":{"line":1,"column":5224},"end":{"line":1,"column":5225}},"loc":{"start":{"line":1,"column":5235},"end":{"line":1,"column":5508}},"line":1},"32":{"name":"(anonymous_32)","decl":{"start":{"line":1,"column":5539},"end":{"line":1,"column":5540}},"loc":{"start":{"line":1,"column":5552},"end":{"line":1,"column":5736}},"line":1},"33":{"name":"(anonymous_33)","decl":{"start":{"line":1,"column":5764},"end":{"line":1,"column":5765}},"loc":{"start":{"line":1,"column":5775},"end":{"line":1,"column":5870}},"line":1},"34":{"name":"(anonymous_34)","decl":{"start":{"line":1,"column":5898},"end":{"line":1,"column":5899}},"loc":{"start":{"line":1,"column":5909},"end":{"line":1,"column":6083}},"line":1},"35":{"name":"(anonymous_35)","decl":{"start":{"line":1,"column":6115},"end":{"line":1,"column":6116}},"loc":{"start":{"line":1,"column":6128},"end":{"line":1,"column":6236}},"line":1},"36":{"name":"(anonymous_36)","decl":{"start":{"line":1,"column":6264},"end":{"line":1,"column":6265}},"loc":{"start":{"line":1,"column":6275},"end":{"line":1,"column":6520}},"line":1},"37":{"name":"(anonymous_37)","decl":{"start":{"line":1,"column":6551},"end":{"line":1,"column":6552}},"loc":{"start":{"line":1,"column":6562},"end":{"line":1,"column":6857}},"line":1},"38":{"name":"(anonymous_38)","decl":{"start":{"line":1,"column":6886},"end":{"line":1,"column":6887}},"loc":{"start":{"line":1,"column":6897},"end":{"line":1,"column":7142}},"line":1},"39":{"name":"(anonymous_39)","decl":{"start":{"line":1,"column":7160},"end":{"line":1,"column":7161}},"loc":{"start":{"line":1,"column":7173},"end":{"line":1,"column":7364}},"line":1},"40":{"name":"(anonymous_40)","decl":{"start":{"line":1,"column":7375},"end":{"line":1,"column":7376}},"loc":{"start":{"line":1,"column":7390},"end":{"line":1,"column":7488}},"line":1},"41":{"name":"(anonymous_41)","decl":{"start":{"line":1,"column":7505},"end":{"line":1,"column":7506}},"loc":{"start":{"line":1,"column":7518},"end":{"line":1,"column":7705}},"line":1},"42":{"name":"(anonymous_42)","decl":{"start":{"line":1,"column":7550},"end":{"line":1,"column":7551}},"loc":{"start":{"line":1,"column":7561},"end":{"line":1,"column":7679}},"line":1},"43":{"name":"(anonymous_43)","decl":{"start":{"line":1,"column":7602},"end":{"line":1,"column":7603}},"loc":{"start":{"line":1,"column":7612},"end":{"line":1,"column":7630}},"line":1},"44":{"name":"(anonymous_44)","decl":{"start":{"line":1,"column":7635},"end":{"line":1,"column":7636}},"loc":{"start":{"line":1,"column":7646},"end":{"line":1,"column":7676}},"line":1},"45":{"name":"(anonymous_45)","decl":{"start":{"line":1,"column":7714},"end":{"line":1,"column":7715}},"loc":{"start":{"line":1,"column":7727},"end":{"line":1,"column":8057}},"line":1},"46":{"name":"(anonymous_46)","decl":{"start":{"line":1,"column":7766},"end":{"line":1,"column":7767}},"loc":{"start":{"line":1,"column":7777},"end":{"line":1,"column":8055}},"line":1},"47":{"name":"(anonymous_47)","decl":{"start":{"line":1,"column":8070},"end":{"line":1,"column":8071}},"loc":{"start":{"line":1,"column":8081},"end":{"line":1,"column":8118}},"line":1},"48":{"name":"(anonymous_48)","decl":{"start":{"line":1,"column":8182},"end":{"line":1,"column":8183}},"loc":{"start":{"line":1,"column":8193},"end":{"line":1,"column":8210}},"line":1},"49":{"name":"(anonymous_49)","decl":{"start":{"line":1,"column":8211},"end":{"line":1,"column":8212}},"loc":{"start":{"line":1,"column":8222},"end":{"line":1,"column":8323}},"line":1},"50":{"name":"(anonymous_50)","decl":{"start":{"line":1,"column":8326},"end":{"line":1,"column":8327}},"loc":{"start":{"line":1,"column":8336},"end":{"line":1,"column":8566}},"line":1},"51":{"name":"i","decl":{"start":{"line":1,"column":8346},"end":{"line":1,"column":8347}},"loc":{"start":{"line":1,"column":8352},"end":{"line":1,"column":8503}},"line":1},"52":{"name":"(anonymous_52)","decl":{"start":{"line":1,"column":8510},"end":{"line":1,"column":8511}},"loc":{"start":{"line":1,"column":8525},"end":{"line":1,"column":8565}},"line":1},"53":{"name":"(anonymous_53)","decl":{"start":{"line":1,"column":8588},"end":{"line":1,"column":8589}},"loc":{"start":{"line":1,"column":8598},"end":{"line":1,"column":10075}},"line":1},"54":{"name":"a","decl":{"start":{"line":1,"column":8608},"end":{"line":1,"column":8609}},"loc":{"start":{"line":1,"column":8611},"end":{"line":1,"column":8714}},"line":1},"55":{"name":"(anonymous_55)","decl":{"start":{"line":1,"column":8613},"end":{"line":1,"column":8614}},"loc":{"start":{"line":1,"column":8626},"end":{"line":1,"column":8705}},"line":1},"56":{"name":"(anonymous_56)","decl":{"start":{"line":1,"column":8761},"end":{"line":1,"column":8762}},"loc":{"start":{"line":1,"column":8774},"end":{"line":1,"column":9062}},"line":1},"57":{"name":"(anonymous_57)","decl":{"start":{"line":1,"column":9090},"end":{"line":1,"column":9091}},"loc":{"start":{"line":1,"column":9103},"end":{"line":1,"column":9259}},"line":1},"58":{"name":"(anonymous_58)","decl":{"start":{"line":1,"column":9289},"end":{"line":1,"column":9290}},"loc":{"start":{"line":1,"column":9302},"end":{"line":1,"column":9631}},"line":1},"59":{"name":"(anonymous_59)","decl":{"start":{"line":1,"column":9654},"end":{"line":1,"column":9655}},"loc":{"start":{"line":1,"column":9667},"end":{"line":1,"column":10003}},"line":1},"60":{"name":"(anonymous_60)","decl":{"start":{"line":1,"column":9945},"end":{"line":1,"column":9946}},"loc":{"start":{"line":1,"column":9955},"end":{"line":1,"column":10000}},"line":1},"61":{"name":"(anonymous_61)","decl":{"start":{"line":1,"column":10021},"end":{"line":1,"column":10022}},"loc":{"start":{"line":1,"column":10031},"end":{"line":1,"column":10041}},"line":1},"62":{"name":"(anonymous_62)","decl":{"start":{"line":1,"column":10046},"end":{"line":1,"column":10047}},"loc":{"start":{"line":1,"column":10057},"end":{"line":1,"column":10069}},"line":1}},"branchMap":{"0":{"loc":{"start":{"line":1,"column":15},"end":{"line":1,"column":156}},"type":"cond-expr","locations":[{"start":{"line":1,"column":68},"end":{"line":1,"column":86}},{"start":{"line":1,"column":87},"end":{"line":1,"column":156}}],"line":1},"1":{"loc":{"start":{"line":1,"column":15},"end":{"line":1,"column":67}},"type":"binary-expr","locations":[{"start":{"line":1,"column":15},"end":{"line":1,"column":39}},{"start":{"line":1,"column":41},"end":{"line":1,"column":67}}],"line":1},"2":{"loc":{"start":{"line":1,"column":87},"end":{"line":1,"column":156}},"type":"cond-expr","locations":[{"start":{"line":1,"column":125},"end":{"line":1,"column":134}},{"start":{"line":1,"column":135},"end":{"line":1,"column":156}}],"line":1},"3":{"loc":{"start":{"line":1,"column":87},"end":{"line":1,"column":124}},"type":"binary-expr","locations":[{"start":{"line":1,"column":87},"end":{"line":1,"column":112}},{"start":{"line":1,"column":114},"end":{"line":1,"column":124}}],"line":1},"4":{"loc":{"start":{"line":1,"column":193},"end":{"line":1,"column":394}},"type":"cond-expr","locations":[{"start":{"line":1,"column":253},"end":{"line":1,"column":281}},{"start":{"line":1,"column":282},"end":{"line":1,"column":394}}],"line":1},"5":{"loc":{"start":{"line":1,"column":193},"end":{"line":1,"column":252}},"type":"binary-expr","locations":[{"start":{"line":1,"column":193},"end":{"line":1,"column":218}},{"start":{"line":1,"column":220},"end":{"line":1,"column":252}}],"line":1},"6":{"loc":{"start":{"line":1,"column":301},"end":{"line":1,"column":393}},"type":"cond-expr","locations":[{"start":{"line":1,"column":376},"end":{"line":1,"column":384}},{"start":{"line":1,"column":385},"end":{"line":1,"column":393}}],"line":1},"7":{"loc":{"start":{"line":1,"column":301},"end":{"line":1,"column":375}},"type":"binary-expr","locations":[{"start":{"line":1,"column":301},"end":{"line":1,"column":302}},{"start":{"line":1,"column":304},"end":{"line":1,"column":329}},{"start":{"line":1,"column":331},"end":{"line":1,"column":353}},{"start":{"line":1,"column":355},"end":{"line":1,"column":375}}],"line":1},"8":{"loc":{"start":{"line":1,"column":476},"end":{"line":1,"column":492}},"type":"binary-expr","locations":[{"start":{"line":1,"column":476},"end":{"line":1,"column":488}},{"start":{"line":1,"column":490},"end":{"line":1,"column":492}}],"line":1},"9":{"loc":{"start":{"line":1,"column":511},"end":{"line":1,"column":539}},"type":"binary-expr","locations":[{"start":{"line":1,"column":511},"end":{"line":1,"column":522}},{"start":{"line":1,"column":525},"end":{"line":1,"column":538}}],"line":1},"10":{"loc":{"start":{"line":1,"column":604},"end":{"line":1,"column":623}},"type":"binary-expr","locations":[{"start":{"line":1,"column":604},"end":{"line":1,"column":605}},{"start":{"line":1,"column":607},"end":{"line":1,"column":623}}],"line":1},"11":{"loc":{"start":{"line":1,"column":624},"end":{"line":1,"column":633}},"type":"binary-expr","locations":[{"start":{"line":1,"column":624},"end":{"line":1,"column":625}},{"start":{"line":1,"column":627},"end":{"line":1,"column":633}}],"line":1},"12":{"loc":{"start":{"line":1,"column":686},"end":{"line":1,"column":763}},"type":"if","locations":[{"start":{"line":1,"column":686},"end":{"line":1,"column":763}},{"start":{"line":1,"column":686},"end":{"line":1,"column":763}}],"line":1},"13":{"loc":{"start":{"line":1,"column":1078},"end":{"line":1,"column":1999}},"type":"binary-expr","locations":[{"start":{"line":1,"column":1078},"end":{"line":1,"column":1079}},{"start":{"line":1,"column":1081},"end":{"line":1,"column":1121}},{"start":{"line":1,"column":1124},"end":{"line":1,"column":1998}}],"line":1},"14":{"loc":{"start":{"line":1,"column":1093},"end":{"line":1,"column":1120}},"type":"cond-expr","locations":[{"start":{"line":1,"column":1104},"end":{"line":1,"column":1115}},{"start":{"line":1,"column":1116},"end":{"line":1,"column":1120}}],"line":1},"15":{"loc":{"start":{"line":1,"column":1144},"end":{"line":1,"column":1241}},"type":"cond-expr","locations":[{"start":{"line":1,"column":1195},"end":{"line":1,"column":1214}},{"start":{"line":1,"column":1215},"end":{"line":1,"column":1241}}],"line":1},"16":{"loc":{"start":{"line":1,"column":1144},"end":{"line":1,"column":1194}},"type":"binary-expr","locations":[{"start":{"line":1,"column":1144},"end":{"line":1,"column":1169}},{"start":{"line":1,"column":1171},"end":{"line":1,"column":1194}}],"line":1},"17":{"loc":{"start":{"line":1,"column":1259},"end":{"line":1,"column":1322}},"type":"cond-expr","locations":[{"start":{"line":1,"column":1292},"end":{"line":1,"column":1305}},{"start":{"line":1,"column":1306},"end":{"line":1,"column":1322}}],"line":1},"18":{"loc":{"start":{"line":1,"column":1341},"end":{"line":1,"column":1407}},"type":"cond-expr","locations":[{"start":{"line":1,"column":1375},"end":{"line":1,"column":1389}},{"start":{"line":1,"column":1390},"end":{"line":1,"column":1407}}],"line":1},"19":{"loc":{"start":{"line":1,"column":1419},"end":{"line":1,"column":1463}},"type":"cond-expr","locations":[{"start":{"line":1,"column":1445},"end":{"line":1,"column":1452}},{"start":{"line":1,"column":1453},"end":{"line":1,"column":1463}}],"line":1},"20":{"loc":{"start":{"line":1,"column":1483},"end":{"line":1,"column":1551}},"type":"cond-expr","locations":[{"start":{"line":1,"column":1517},"end":{"line":1,"column":1532}},{"start":{"line":1,"column":1533},"end":{"line":1,"column":1551}}],"line":1},"21":{"loc":{"start":{"line":1,"column":1575},"end":{"line":1,"column":1655}},"type":"cond-expr","locations":[{"start":{"line":1,"column":1613},"end":{"line":1,"column":1632}},{"start":{"line":1,"column":1633},"end":{"line":1,"column":1655}}],"line":1},"22":{"loc":{"start":{"line":1,"column":1678},"end":{"line":1,"column":1746}},"type":"cond-expr","locations":[{"start":{"line":1,"column":1706},"end":{"line":1,"column":1727}},{"start":{"line":1,"column":1728},"end":{"line":1,"column":1746}}],"line":1},"23":{"loc":{"start":{"line":1,"column":1759},"end":{"line":1,"column":1797}},"type":"cond-expr","locations":[{"start":{"line":1,"column":1777},"end":{"line":1,"column":1788}},{"start":{"line":1,"column":1789},"end":{"line":1,"column":1797}}],"line":1},"24":{"loc":{"start":{"line":1,"column":1810},"end":{"line":1,"column":1848}},"type":"cond-expr","locations":[{"start":{"line":1,"column":1828},"end":{"line":1,"column":1839}},{"start":{"line":1,"column":1840},"end":{"line":1,"column":1848}}],"line":1},"25":{"loc":{"start":{"line":1,"column":1873},"end":{"line":1,"column":1947}},"type":"cond-expr","locations":[{"start":{"line":1,"column":1903},"end":{"line":1,"column":1926}},{"start":{"line":1,"column":1927},"end":{"line":1,"column":1947}}],"line":1},"26":{"loc":{"start":{"line":1,"column":1960},"end":{"line":1,"column":1998}},"type":"cond-expr","locations":[{"start":{"line":1,"column":1978},"end":{"line":1,"column":1989}},{"start":{"line":1,"column":1990},"end":{"line":1,"column":1998}}],"line":1},"27":{"loc":{"start":{"line":1,"column":2090},"end":{"line":1,"column":2106}},"type":"binary-expr","locations":[{"start":{"line":1,"column":2090},"end":{"line":1,"column":2102}},{"start":{"line":1,"column":2104},"end":{"line":1,"column":2106}}],"line":1},"28":{"loc":{"start":{"line":1,"column":2125},"end":{"line":1,"column":2153}},"type":"binary-expr","locations":[{"start":{"line":1,"column":2125},"end":{"line":1,"column":2136}},{"start":{"line":1,"column":2139},"end":{"line":1,"column":2152}}],"line":1},"29":{"loc":{"start":{"line":1,"column":2218},"end":{"line":1,"column":2237}},"type":"binary-expr","locations":[{"start":{"line":1,"column":2218},"end":{"line":1,"column":2219}},{"start":{"line":1,"column":2221},"end":{"line":1,"column":2237}}],"line":1},"30":{"loc":{"start":{"line":1,"column":2238},"end":{"line":1,"column":2247}},"type":"binary-expr","locations":[{"start":{"line":1,"column":2238},"end":{"line":1,"column":2239}},{"start":{"line":1,"column":2241},"end":{"line":1,"column":2247}}],"line":1},"31":{"loc":{"start":{"line":1,"column":2300},"end":{"line":1,"column":2377}},"type":"if","locations":[{"start":{"line":1,"column":2300},"end":{"line":1,"column":2377}},{"start":{"line":1,"column":2300},"end":{"line":1,"column":2377}}],"line":1},"32":{"loc":{"start":{"line":1,"column":2543},"end":{"line":1,"column":2558}},"type":"cond-expr","locations":[{"start":{"line":1,"column":2545},"end":{"line":1,"column":2551}},{"start":{"line":1,"column":2552},"end":{"line":1,"column":2558}}],"line":1},"33":{"loc":{"start":{"line":1,"column":2838},"end":{"line":1,"column":2891}},"type":"cond-expr","locations":[{"start":{"line":1,"column":2844},"end":{"line":1,"column":2867}},{"start":{"line":1,"column":2869},"end":{"line":1,"column":2891}}],"line":1},"34":{"loc":{"start":{"line":1,"column":2894},"end":{"line":1,"column":2942}},"type":"cond-expr","locations":[{"start":{"line":1,"column":2898},"end":{"line":1,"column":2934}},{"start":{"line":1,"column":2935},"end":{"line":1,"column":2942}}],"line":1},"35":{"loc":{"start":{"line":1,"column":3251},"end":{"line":1,"column":3307}},"type":"cond-expr","locations":[{"start":{"line":1,"column":3293},"end":{"line":1,"column":3305}},{"start":{"line":1,"column":3306},"end":{"line":1,"column":3307}}],"line":1},"36":{"loc":{"start":{"line":1,"column":3251},"end":{"line":1,"column":3292}},"type":"binary-expr","locations":[{"start":{"line":1,"column":3251},"end":{"line":1,"column":3269}},{"start":{"line":1,"column":3271},"end":{"line":1,"column":3292}}],"line":1},"37":{"loc":{"start":{"line":1,"column":3315},"end":{"line":1,"column":3364}},"type":"cond-expr","locations":[{"start":{"line":1,"column":3331},"end":{"line":1,"column":3347}},{"start":{"line":1,"column":3348},"end":{"line":1,"column":3364}}],"line":1},"38":{"loc":{"start":{"line":1,"column":3437},"end":{"line":1,"column":3475}},"type":"cond-expr","locations":[{"start":{"line":1,"column":3446},"end":{"line":1,"column":3473}},{"start":{"line":1,"column":3474},"end":{"line":1,"column":3475}}],"line":1},"39":{"loc":{"start":{"line":1,"column":3447},"end":{"line":1,"column":3470}},"type":"cond-expr","locations":[{"start":{"line":1,"column":3463},"end":{"line":1,"column":3466}},{"start":{"line":1,"column":3467},"end":{"line":1,"column":3470}}],"line":1},"40":{"loc":{"start":{"line":1,"column":3685},"end":{"line":1,"column":3871}},"type":"switch","locations":[{"start":{"line":1,"column":3710},"end":{"line":1,"column":3727}},{"start":{"line":1,"column":3727},"end":{"line":1,"column":3840}},{"start":{"line":1,"column":3840},"end":{"line":1,"column":3870}}],"line":1},"41":{"loc":{"start":{"line":1,"column":4102},"end":{"line":1,"column":4146}},"type":"binary-expr","locations":[{"start":{"line":1,"column":4102},"end":{"line":1,"column":4125}},{"start":{"line":1,"column":4127},"end":{"line":1,"column":4146}}],"line":1},"42":{"loc":{"start":{"line":1,"column":4153},"end":{"line":1,"column":4199}},"type":"binary-expr","locations":[{"start":{"line":1,"column":4153},"end":{"line":1,"column":4176}},{"start":{"line":1,"column":4178},"end":{"line":1,"column":4199}}],"line":1},"43":{"loc":{"start":{"line":1,"column":4289},"end":{"line":1,"column":4479}},"type":"binary-expr","locations":[{"start":{"line":1,"column":4289},"end":{"line":1,"column":4321}},{"start":{"line":1,"column":4324},"end":{"line":1,"column":4478}}],"line":1},"44":{"loc":{"start":{"line":1,"column":4375},"end":{"line":1,"column":4380}},"type":"binary-expr","locations":[{"start":{"line":1,"column":4375},"end":{"line":1,"column":4376}},{"start":{"line":1,"column":4378},"end":{"line":1,"column":4380}}],"line":1},"45":{"loc":{"start":{"line":1,"column":4411},"end":{"line":1,"column":4454}},"type":"cond-expr","locations":[{"start":{"line":1,"column":4446},"end":{"line":1,"column":4452}},{"start":{"line":1,"column":4453},"end":{"line":1,"column":4454}}],"line":1},"46":{"loc":{"start":{"line":1,"column":4480},"end":{"line":1,"column":4519}},"type":"binary-expr","locations":[{"start":{"line":1,"column":4480},"end":{"line":1,"column":4496}},{"start":{"line":1,"column":4499},"end":{"line":1,"column":4518}}],"line":1},"47":{"loc":{"start":{"line":1,"column":4520},"end":{"line":1,"column":4559}},"type":"binary-expr","locations":[{"start":{"line":1,"column":4520},"end":{"line":1,"column":4536}},{"start":{"line":1,"column":4539},"end":{"line":1,"column":4558}}],"line":1},"48":{"loc":{"start":{"line":1,"column":4561},"end":{"line":1,"column":4599}},"type":"cond-expr","locations":[{"start":{"line":1,"column":4593},"end":{"line":1,"column":4596}},{"start":{"line":1,"column":4597},"end":{"line":1,"column":4599}}],"line":1},"49":{"loc":{"start":{"line":1,"column":4561},"end":{"line":1,"column":4592}},"type":"binary-expr","locations":[{"start":{"line":1,"column":4561},"end":{"line":1,"column":4589}},{"start":{"line":1,"column":4591},"end":{"line":1,"column":4592}}],"line":1},"50":{"loc":{"start":{"line":1,"column":4604},"end":{"line":1,"column":4641}},"type":"cond-expr","locations":[{"start":{"line":1,"column":4635},"end":{"line":1,"column":4638}},{"start":{"line":1,"column":4639},"end":{"line":1,"column":4641}}],"line":1},"51":{"loc":{"start":{"line":1,"column":4604},"end":{"line":1,"column":4634}},"type":"binary-expr","locations":[{"start":{"line":1,"column":4604},"end":{"line":1,"column":4631}},{"start":{"line":1,"column":4633},"end":{"line":1,"column":4634}}],"line":1},"52":{"loc":{"start":{"line":1,"column":4730},"end":{"line":1,"column":5109}},"type":"if","locations":[{"start":{"line":1,"column":4730},"end":{"line":1,"column":5109}},{"start":{"line":1,"column":4730},"end":{"line":1,"column":5109}}],"line":1},"53":{"loc":{"start":{"line":1,"column":4813},"end":{"line":1,"column":5031}},"type":"if","locations":[{"start":{"line":1,"column":4813},"end":{"line":1,"column":5031}},{"start":{"line":1,"column":4813},"end":{"line":1,"column":5031}}],"line":1},"54":{"loc":{"start":{"line":1,"column":4894},"end":{"line":1,"column":4899}},"type":"binary-expr","locations":[{"start":{"line":1,"column":4894},"end":{"line":1,"column":4895}},{"start":{"line":1,"column":4897},"end":{"line":1,"column":4899}}],"line":1},"55":{"loc":{"start":{"line":1,"column":4985},"end":{"line":1,"column":4990}},"type":"binary-expr","locations":[{"start":{"line":1,"column":4985},"end":{"line":1,"column":4986}},{"start":{"line":1,"column":4988},"end":{"line":1,"column":4990}}],"line":1},"56":{"loc":{"start":{"line":1,"column":5116},"end":{"line":1,"column":5155}},"type":"binary-expr","locations":[{"start":{"line":1,"column":5116},"end":{"line":1,"column":5132}},{"start":{"line":1,"column":5135},"end":{"line":1,"column":5154}}],"line":1},"57":{"loc":{"start":{"line":1,"column":5156},"end":{"line":1,"column":5195}},"type":"binary-expr","locations":[{"start":{"line":1,"column":5156},"end":{"line":1,"column":5172}},{"start":{"line":1,"column":5175},"end":{"line":1,"column":5194}}],"line":1},"58":{"loc":{"start":{"line":1,"column":5327},"end":{"line":1,"column":5482}},"type":"cond-expr","locations":[{"start":{"line":1,"column":5372},"end":{"line":1,"column":5380}},{"start":{"line":1,"column":5381},"end":{"line":1,"column":5482}}],"line":1},"59":{"loc":{"start":{"line":1,"column":5327},"end":{"line":1,"column":5371}},"type":"binary-expr","locations":[{"start":{"line":1,"column":5327},"end":{"line":1,"column":5341}},{"start":{"line":1,"column":5343},"end":{"line":1,"column":5359}},{"start":{"line":1,"column":5361},"end":{"line":1,"column":5371}}],"line":1},"60":{"loc":{"start":{"line":1,"column":5381},"end":{"line":1,"column":5482}},"type":"binary-expr","locations":[{"start":{"line":1,"column":5381},"end":{"line":1,"column":5387}},{"start":{"line":1,"column":5389},"end":{"line":1,"column":5390}},{"start":{"line":1,"column":5392},"end":{"line":1,"column":5425}},{"start":{"line":1,"column":5428},"end":{"line":1,"column":5481}}],"line":1},"61":{"loc":{"start":{"line":1,"column":5489},"end":{"line":1,"column":5507}},"type":"cond-expr","locations":[{"start":{"line":1,"column":5500},"end":{"line":1,"column":5505}},{"start":{"line":1,"column":5506},"end":{"line":1,"column":5507}}],"line":1},"62":{"loc":{"start":{"line":1,"column":5782},"end":{"line":1,"column":5867}},"type":"binary-expr","locations":[{"start":{"line":1,"column":5782},"end":{"line":1,"column":5816}},{"start":{"line":1,"column":5819},"end":{"line":1,"column":5866}}],"line":1},"63":{"loc":{"start":{"line":1,"column":5977},"end":{"line":1,"column":6074}},"type":"if","locations":[{"start":{"line":1,"column":5977},"end":{"line":1,"column":6074}},{"start":{"line":1,"column":5977},"end":{"line":1,"column":6074}}],"line":1},"64":{"loc":{"start":{"line":1,"column":6135},"end":{"line":1,"column":6192}},"type":"cond-expr","locations":[{"start":{"line":1,"column":6177},"end":{"line":1,"column":6189}},{"start":{"line":1,"column":6190},"end":{"line":1,"column":6192}}],"line":1},"65":{"loc":{"start":{"line":1,"column":6135},"end":{"line":1,"column":6176}},"type":"binary-expr","locations":[{"start":{"line":1,"column":6135},"end":{"line":1,"column":6153}},{"start":{"line":1,"column":6155},"end":{"line":1,"column":6176}}],"line":1},"66":{"loc":{"start":{"line":1,"column":6321},"end":{"line":1,"column":6363}},"type":"binary-expr","locations":[{"start":{"line":1,"column":6321},"end":{"line":1,"column":6337}},{"start":{"line":1,"column":6340},"end":{"line":1,"column":6362}}],"line":1},"67":{"loc":{"start":{"line":1,"column":6364},"end":{"line":1,"column":6406}},"type":"binary-expr","locations":[{"start":{"line":1,"column":6364},"end":{"line":1,"column":6380}},{"start":{"line":1,"column":6383},"end":{"line":1,"column":6405}}],"line":1},"68":{"loc":{"start":{"line":1,"column":6407},"end":{"line":1,"column":6491}},"type":"binary-expr","locations":[{"start":{"line":1,"column":6408},"end":{"line":1,"column":6428}},{"start":{"line":1,"column":6432},"end":{"line":1,"column":6490}}],"line":1},"69":{"loc":{"start":{"line":1,"column":6492},"end":{"line":1,"column":6519}},"type":"binary-expr","locations":[{"start":{"line":1,"column":6492},"end":{"line":1,"column":6493}},{"start":{"line":1,"column":6496},"end":{"line":1,"column":6518}}],"line":1},"70":{"loc":{"start":{"line":1,"column":6496},"end":{"line":1,"column":6518}},"type":"cond-expr","locations":[{"start":{"line":1,"column":6512},"end":{"line":1,"column":6515}},{"start":{"line":1,"column":6516},"end":{"line":1,"column":6518}}],"line":1},"71":{"loc":{"start":{"line":1,"column":6608},"end":{"line":1,"column":6650}},"type":"binary-expr","locations":[{"start":{"line":1,"column":6608},"end":{"line":1,"column":6624}},{"start":{"line":1,"column":6627},"end":{"line":1,"column":6649}}],"line":1},"72":{"loc":{"start":{"line":1,"column":6651},"end":{"line":1,"column":6715}},"type":"binary-expr","locations":[{"start":{"line":1,"column":6651},"end":{"line":1,"column":6667}},{"start":{"line":1,"column":6670},"end":{"line":1,"column":6714}}],"line":1},"73":{"loc":{"start":{"line":1,"column":6716},"end":{"line":1,"column":6828}},"type":"binary-expr","locations":[{"start":{"line":1,"column":6717},"end":{"line":1,"column":6737}},{"start":{"line":1,"column":6741},"end":{"line":1,"column":6827}}],"line":1},"74":{"loc":{"start":{"line":1,"column":6829},"end":{"line":1,"column":6856}},"type":"binary-expr","locations":[{"start":{"line":1,"column":6829},"end":{"line":1,"column":6830}},{"start":{"line":1,"column":6833},"end":{"line":1,"column":6855}}],"line":1},"75":{"loc":{"start":{"line":1,"column":6833},"end":{"line":1,"column":6855}},"type":"cond-expr","locations":[{"start":{"line":1,"column":6849},"end":{"line":1,"column":6852}},{"start":{"line":1,"column":6853},"end":{"line":1,"column":6855}}],"line":1},"76":{"loc":{"start":{"line":1,"column":6907},"end":{"line":1,"column":7133}},"type":"if","locations":[{"start":{"line":1,"column":6907},"end":{"line":1,"column":7133}},{"start":{"line":1,"column":6907},"end":{"line":1,"column":7133}}],"line":1},"77":{"loc":{"start":{"line":1,"column":6955},"end":{"line":1,"column":7133}},"type":"if","locations":[{"start":{"line":1,"column":6955},"end":{"line":1,"column":7133}},{"start":{"line":1,"column":6955},"end":{"line":1,"column":7133}}],"line":1},"78":{"loc":{"start":{"line":1,"column":7174},"end":{"line":1,"column":7363}},"type":"if","locations":[{"start":{"line":1,"column":7174},"end":{"line":1,"column":7363}},{"start":{"line":1,"column":7174},"end":{"line":1,"column":7363}}],"line":1},"79":{"loc":{"start":{"line":1,"column":7237},"end":{"line":1,"column":7363}},"type":"if","locations":[{"start":{"line":1,"column":7237},"end":{"line":1,"column":7363}},{"start":{"line":1,"column":7237},"end":{"line":1,"column":7363}}],"line":1},"80":{"loc":{"start":{"line":1,"column":7391},"end":{"line":1,"column":7487}},"type":"switch","locations":[{"start":{"line":1,"column":7402},"end":{"line":1,"column":7436}},{"start":{"line":1,"column":7436},"end":{"line":1,"column":7470}},{"start":{"line":1,"column":7470},"end":{"line":1,"column":7486}}],"line":1},"81":{"loc":{"start":{"line":1,"column":7876},"end":{"line":1,"column":7947}},"type":"cond-expr","locations":[{"start":{"line":1,"column":7904},"end":{"line":1,"column":7907}},{"start":{"line":1,"column":7908},"end":{"line":1,"column":7947}}],"line":1},"82":{"loc":{"start":{"line":1,"column":7908},"end":{"line":1,"column":7947}},"type":"binary-expr","locations":[{"start":{"line":1,"column":7908},"end":{"line":1,"column":7933}},{"start":{"line":1,"column":7936},"end":{"line":1,"column":7946}}],"line":1},"83":{"loc":{"start":{"line":1,"column":8015},"end":{"line":1,"column":8054}},"type":"binary-expr","locations":[{"start":{"line":1,"column":8015},"end":{"line":1,"column":8036}},{"start":{"line":1,"column":8038},"end":{"line":1,"column":8054}}],"line":1},"84":{"loc":{"start":{"line":1,"column":8122},"end":{"line":1,"column":8323}},"type":"cond-expr","locations":[{"start":{"line":1,"column":8182},"end":{"line":1,"column":8210}},{"start":{"line":1,"column":8211},"end":{"line":1,"column":8323}}],"line":1},"85":{"loc":{"start":{"line":1,"column":8122},"end":{"line":1,"column":8181}},"type":"binary-expr","locations":[{"start":{"line":1,"column":8122},"end":{"line":1,"column":8147}},{"start":{"line":1,"column":8149},"end":{"line":1,"column":8181}}],"line":1},"86":{"loc":{"start":{"line":1,"column":8230},"end":{"line":1,"column":8322}},"type":"cond-expr","locations":[{"start":{"line":1,"column":8305},"end":{"line":1,"column":8313}},{"start":{"line":1,"column":8314},"end":{"line":1,"column":8322}}],"line":1},"87":{"loc":{"start":{"line":1,"column":8230},"end":{"line":1,"column":8304}},"type":"binary-expr","locations":[{"start":{"line":1,"column":8230},"end":{"line":1,"column":8231}},{"start":{"line":1,"column":8233},"end":{"line":1,"column":8258}},{"start":{"line":1,"column":8260},"end":{"line":1,"column":8282}},{"start":{"line":1,"column":8284},"end":{"line":1,"column":8304}}],"line":1},"88":{"loc":{"start":{"line":1,"column":8405},"end":{"line":1,"column":8421}},"type":"binary-expr","locations":[{"start":{"line":1,"column":8405},"end":{"line":1,"column":8417}},{"start":{"line":1,"column":8419},"end":{"line":1,"column":8421}}],"line":1},"89":{"loc":{"start":{"line":1,"column":8440},"end":{"line":1,"column":8468}},"type":"binary-expr","locations":[{"start":{"line":1,"column":8440},"end":{"line":1,"column":8451}},{"start":{"line":1,"column":8454},"end":{"line":1,"column":8467}}],"line":1},"90":{"loc":{"start":{"line":1,"column":8533},"end":{"line":1,"column":8552}},"type":"binary-expr","locations":[{"start":{"line":1,"column":8533},"end":{"line":1,"column":8534}},{"start":{"line":1,"column":8536},"end":{"line":1,"column":8552}}],"line":1},"91":{"loc":{"start":{"line":1,"column":8553},"end":{"line":1,"column":8562}},"type":"binary-expr","locations":[{"start":{"line":1,"column":8553},"end":{"line":1,"column":8554}},{"start":{"line":1,"column":8556},"end":{"line":1,"column":8562}}],"line":1},"92":{"loc":{"start":{"line":1,"column":8627},"end":{"line":1,"column":8704}},"type":"if","locations":[{"start":{"line":1,"column":8627},"end":{"line":1,"column":8704}},{"start":{"line":1,"column":8627},"end":{"line":1,"column":8704}}],"line":1},"93":{"loc":{"start":{"line":1,"column":8787},"end":{"line":1,"column":8843}},"type":"cond-expr","locations":[{"start":{"line":1,"column":8840},"end":{"line":1,"column":8841}},{"start":{"line":1,"column":8842},"end":{"line":1,"column":8843}}],"line":1},"94":{"loc":{"start":{"line":1,"column":8787},"end":{"line":1,"column":8839}},"type":"binary-expr","locations":[{"start":{"line":1,"column":8787},"end":{"line":1,"column":8797}},{"start":{"line":1,"column":8799},"end":{"line":1,"column":8839}}],"line":1},"95":{"loc":{"start":{"line":1,"column":8811},"end":{"line":1,"column":8838}},"type":"cond-expr","locations":[{"start":{"line":1,"column":8822},"end":{"line":1,"column":8833}},{"start":{"line":1,"column":8834},"end":{"line":1,"column":8838}}],"line":1},"96":{"loc":{"start":{"line":1,"column":8874},"end":{"line":1,"column":8915}},"type":"binary-expr","locations":[{"start":{"line":1,"column":8874},"end":{"line":1,"column":8894}},{"start":{"line":1,"column":8896},"end":{"line":1,"column":8915}}],"line":1},"97":{"loc":{"start":{"line":1,"column":8955},"end":{"line":1,"column":8990}},"type":"cond-expr","locations":[{"start":{"line":1,"column":8984},"end":{"line":1,"column":8987}},{"start":{"line":1,"column":8988},"end":{"line":1,"column":8990}}],"line":1},"98":{"loc":{"start":{"line":1,"column":8955},"end":{"line":1,"column":8983}},"type":"binary-expr","locations":[{"start":{"line":1,"column":8955},"end":{"line":1,"column":8980}},{"start":{"line":1,"column":8982},"end":{"line":1,"column":8983}}],"line":1},"99":{"loc":{"start":{"line":1,"column":8995},"end":{"line":1,"column":9029}},"type":"cond-expr","locations":[{"start":{"line":1,"column":9023},"end":{"line":1,"column":9026}},{"start":{"line":1,"column":9027},"end":{"line":1,"column":9029}}],"line":1},"100":{"loc":{"start":{"line":1,"column":8995},"end":{"line":1,"column":9022}},"type":"binary-expr","locations":[{"start":{"line":1,"column":8995},"end":{"line":1,"column":9019}},{"start":{"line":1,"column":9021},"end":{"line":1,"column":9022}}],"line":1},"101":{"loc":{"start":{"line":1,"column":9116},"end":{"line":1,"column":9172}},"type":"cond-expr","locations":[{"start":{"line":1,"column":9169},"end":{"line":1,"column":9170}},{"start":{"line":1,"column":9171},"end":{"line":1,"column":9172}}],"line":1},"102":{"loc":{"start":{"line":1,"column":9116},"end":{"line":1,"column":9168}},"type":"binary-expr","locations":[{"start":{"line":1,"column":9116},"end":{"line":1,"column":9126}},{"start":{"line":1,"column":9128},"end":{"line":1,"column":9168}}],"line":1},"103":{"loc":{"start":{"line":1,"column":9140},"end":{"line":1,"column":9167}},"type":"cond-expr","locations":[{"start":{"line":1,"column":9151},"end":{"line":1,"column":9162}},{"start":{"line":1,"column":9163},"end":{"line":1,"column":9167}}],"line":1},"104":{"loc":{"start":{"line":1,"column":9315},"end":{"line":1,"column":9371}},"type":"cond-expr","locations":[{"start":{"line":1,"column":9368},"end":{"line":1,"column":9369}},{"start":{"line":1,"column":9370},"end":{"line":1,"column":9371}}],"line":1},"105":{"loc":{"start":{"line":1,"column":9315},"end":{"line":1,"column":9367}},"type":"binary-expr","locations":[{"start":{"line":1,"column":9315},"end":{"line":1,"column":9325}},{"start":{"line":1,"column":9327},"end":{"line":1,"column":9367}}],"line":1},"106":{"loc":{"start":{"line":1,"column":9339},"end":{"line":1,"column":9366}},"type":"cond-expr","locations":[{"start":{"line":1,"column":9350},"end":{"line":1,"column":9361}},{"start":{"line":1,"column":9362},"end":{"line":1,"column":9366}}],"line":1},"107":{"loc":{"start":{"line":1,"column":9423},"end":{"line":1,"column":9464}},"type":"binary-expr","locations":[{"start":{"line":1,"column":9423},"end":{"line":1,"column":9443}},{"start":{"line":1,"column":9445},"end":{"line":1,"column":9464}}],"line":1},"108":{"loc":{"start":{"line":1,"column":9472},"end":{"line":1,"column":9496}},"type":"binary-expr","locations":[{"start":{"line":1,"column":9472},"end":{"line":1,"column":9473}},{"start":{"line":1,"column":9476},"end":{"line":1,"column":9495}}],"line":1},"109":{"loc":{"start":{"line":1,"column":9517},"end":{"line":1,"column":9571}},"type":"binary-expr","locations":[{"start":{"line":1,"column":9517},"end":{"line":1,"column":9532}},{"start":{"line":1,"column":9535},"end":{"line":1,"column":9570}}],"line":1},"110":{"loc":{"start":{"line":1,"column":9572},"end":{"line":1,"column":9606}},"type":"binary-expr","locations":[{"start":{"line":1,"column":9572},"end":{"line":1,"column":9580}},{"start":{"line":1,"column":9583},"end":{"line":1,"column":9605}}],"line":1},"111":{"loc":{"start":{"line":1,"column":9596},"end":{"line":1,"column":9604}},"type":"cond-expr","locations":[{"start":{"line":1,"column":9598},"end":{"line":1,"column":9602}},{"start":{"line":1,"column":9603},"end":{"line":1,"column":9604}}],"line":1},"112":{"loc":{"start":{"line":1,"column":9668},"end":{"line":1,"column":9747}},"type":"if","locations":[{"start":{"line":1,"column":9668},"end":{"line":1,"column":9747}},{"start":{"line":1,"column":9668},"end":{"line":1,"column":9747}}],"line":1},"113":{"loc":{"start":{"line":1,"column":9753},"end":{"line":1,"column":9799}},"type":"cond-expr","locations":[{"start":{"line":1,"column":9772},"end":{"line":1,"column":9797}},{"start":{"line":1,"column":9798},"end":{"line":1,"column":9799}}],"line":1},"114":{"loc":{"start":{"line":1,"column":9808},"end":{"line":1,"column":9864}},"type":"cond-expr","locations":[{"start":{"line":1,"column":9861},"end":{"line":1,"column":9862}},{"start":{"line":1,"column":9863},"end":{"line":1,"column":9864}}],"line":1},"115":{"loc":{"start":{"line":1,"column":9808},"end":{"line":1,"column":9860}},"type":"binary-expr","locations":[{"start":{"line":1,"column":9808},"end":{"line":1,"column":9818}},{"start":{"line":1,"column":9820},"end":{"line":1,"column":9860}}],"line":1},"116":{"loc":{"start":{"line":1,"column":9832},"end":{"line":1,"column":9859}},"type":"cond-expr","locations":[{"start":{"line":1,"column":9843},"end":{"line":1,"column":9854}},{"start":{"line":1,"column":9855},"end":{"line":1,"column":9859}}],"line":1}},"s":{"0":0,"1":0,"2":0,"3":0,"4":0,"5":0,"6":0,"7":0,"8":0,"9":0,"10":0,"11":0,"12":0,"13":0,"14":0,"15":0,"16":0,"17":0,"18":0,"19":0,"20":0,"21":0,"22":0,"23":0,"24":0,"25":0,"26":0,"27":0,"28":0,"29":0,"30":0,"31":0,"32":0,"33":0,"34":0,"35":0,"36":0,"37":0,"38":0,"39":0,"40":0,"41":0,"42":0,"43":0,"44":0,"45":0,"46":0,"47":0,"48":0,"49":0,"50":0,"51":0,"52":0,"53":0,"54":0,"55":0,"56":0,"57":0,"58":0,"59":0,"60":0,"61":0,"62":0,"63":0,"64":0,"65":0,"66":0,"67":0,"68":0,"69":0,"70":0,"71":0,"72":0,"73":0,"74":0,"75":0,"76":0,"77":0,"78":0,"79":0,"80":0,"81":0,"82":0,"83":0,"84":0,"85":0,"86":0,"87":0,"88":0,"89":0,"90":0,"91":0,"92":0,"93":0,"94":0,"95":0,"96":0,"97":0,"98":0,"99":0,"100":0,"101":0,"102":0,"103":0,"104":0,"105":0,"106":0,"107":0,"108":0,"109":0,"110":0,"111":0,"112":0,"113":0,"114":0,"115":0,"116":0,"117":0,"118":0,"119":0,"120":0,"121":0,"122":0,"123":0,"124":0,"125":0,"126":0,"127":0,"128":0,"129":0,"130":0,"131":0,"132":0,"133":0,"134":0,"135":0,"136":0,"137":0,"138":0,"139":0,"140":0,"141":0,"142":0,"143":0,"144":0,"145":0,"146":0,"147":0,"148":0,"149":0,"150":0,"151":0,"152":0,"153":0,"154":0,"155":0,"156":0,"157":0,"158":0,"159":0,"
[...]
":{"line":217,"column":5}},{"start":{"line":215,"column":4},"end":{"line":217,"column":5}}],"line":215},"38":{"loc":{"start":{"line":219,"column":4},"end":{"line":221,"column":5}},"type":"if","locations":[{"start":{"line":219,"column":4},"end":{"line":221,"column":5}},{"start":{"line":219,"column":4},"end":{"line":221,"column":5}}],"line":219},"39":{"loc":{"start":{"line":225,"column":4},"end":{"line":228,"column":5}},"type":"if","locations":[{"start":{"line":225,"column":4},"end":{"line":228,"column":5}},{"start":{"line":225,"column":4},"end":{"line":228,"column":5}}],"line":225},"40":{"loc":{"start":{"line":230,"column":11},"end":{"line":230,"column":49}},"type":"binary-expr","locations":[{"start":{"line":230,"column":11},"end":{"line":230,"column":17}},{"start":{"line":230,"column":22},"end":{"line":230,"column":48}}],"line":230},"41":{"loc":{"start":{"line":230,"column":22},"end":{"line":230,"column":48}},"type":"cond-expr","locations":[{"start":{"line":230,"column":40},"end":{"line":230,"column":43}},{"start":{"line":230,"column":46},"end":{"line":230,"column":48}}],"line":230},"42":{"loc":{"start":{"line":237,"column":4},"end":{"line":239,"column":5}},"type":"if","locations":[{"start":{"line":237,"column":4},"end":{"line":239,"column":5}},{"start":{"line":237,"column":4},"end":{"line":239,"column":5}}],"line":237},"43":{"loc":{"start":{"line":241,"column":4},"end":{"line":244,"column":5}},"type":"if","locations":[{"start":{"line":241,"column":4},"end":{"line":244,"column":5}},{"start":{"line":241,"column":4},"end":{"line":244,"column":5}}],"line":241},"44":{"loc":{"start":{"line":248,"column":4},"end":{"line":254,"column":5}},"type":"if","locations":[{"start":{"line":248,"column":4},"end":{"line":254,"column":5}},{"start":{"line":248,"column":4},"end":{"line":254,"column":5}}],"line":248},"45":{"loc":{"start":{"line":256,"column":11},"end":{"line":256,"column":49}},"type":"binary-expr","locations":[{"start":{"line":256,"column":11},"end":{"line":256,"column":17}},{"start":{"line":256,"column":22},"end":{"line":256,"column":48}}],"line":256},"46":{"loc":{"start":{"line":256,"column":22},"end":{"line":256,"column":48}},"type":"cond-expr","locations":[{"start":{"line":256,"column":40},"end":{"line":256,"column":43}},{"start":{"line":256,"column":46},"end":{"line":256,"column":48}}],"line":256}},"s":{"0":0,"1":0,"2":0,"3":0,"4":0,"5":0,"6":0,"7":0,"8":0,"9":0,"10":0,"11":0,"12":0,"13":0,"14":0,"15":0,"16":0,"17":0,"18":0,"19":0,"20":0,"21":0,"22":0,"23":0,"24":0,"25":0,"26":0,"27":0,"28":0,"29":0,"30":0,"31":0,"32":0,"33":0,"34":0,"35":0,"36":0,"37":0,"38":0,"39":0,"40":0,"41":0,"42":0,"43":0,"44":0,"45":0,"46":0,"47":0,"48":0,"49":0,"50":0,"51":0,"52":0,"53":0,"54":0,"55":0,"56":0,"57":0,"58":0,"59":0,"60":0,"61":0,"62":0,"63":0,"64":0,"65":0,"66":0,"67":0,"68":0,"69":0,"70":0,"71":0,"72":0,"73":0,"74":0,"75":0,"76":0,"77":0,"78":0,"79":0,"80":0,"81":0,"82":0,"83":0,"84":0,"85":0,"86":0,"87":0,"88":0,"89":0,"90":0,"91":0,"92":0,"93":0,"94":0,"95":0,"96":0,"97":0,"98":0,"99":0,"100":0,"101":0,"102":0,"103":0,"104":0,"105":0,"106":0,"107":0,"108":0,"109":0,"110":0,"111":0,"112":0,"113":0,"114":0,"115":0,"116":0,"117":0,"118":0,"119":0,"120":0,"121":0,"122":0,"123":0,"124":0,"125":0,"126":0,"127":0,"128":0},"f":{"0":0,"1":0,"2":0,"3":0,"4":0,"5":0,"6":0,"7":0,"8":0,"9":0,"10":0,"11":0,"12":0,"13":0,"14":0,"15":0,"16":0,"17":0,"18":0,"19":0,"20":0},"b":{"0":[0],"1":[0,0],"2":[0,0],"3":[0,0],"4":[0,0],"5":[0],"6":[0,0],"7":[0,0],"8":[0,0],"9":[0,0,0],"10":[0,0],"11":[0,0],"12":[0,0],"13":[0,0],"14":[0,0],"15":[0,0],"16":[0,0],"17":[0,0],"18":[0,0],"19":[0,0],"20":[0,0],"21":[0,0],"22":[0,0],"23":[0,0],"24":[0,0],"25":[0,0],"26":[0,0],"27":[0,0],"28":[0,0,0],"29":[0,0],"30":[0,0,0],"31":[0,0],"32":[0],"33":[0,0],"34":[0,0],"35":[0,0],"36":[0],"37":[0,0],"38":[0,0],"39":[0,0],"40":[0,0],"41":[0,0],"42":[0,0],"43":[0,0],"44":[0,0],"45":[0,0],"46":[0,0]}},"/home/codermarcos/git/simple-mask-money/src/implanter.js":{"path":"/home/codermarcos/git/simple-mask-money/src/implanter.js","statementMap":{"0":{"start":{"line":1,"column":0},"end":{"line":80,"column":2}},"1":{"start":{"line":3,"column":19},"end":{"line":3,"column":21}},"2":{"start":{"line":4,"column":4},"end":{"line":12,"column":5}},"3":{"start":{"line":5,"column":6},"end":{"line":5,"column":38}},"4":{"start":{"line":6,"column":11},"end":{"line":12,"column":5}},"5":{"start":{"line":7,"column":6},"end":{"line":7,"column":20}},"6":{"start":{"line":8,"column":20},"end":{"line":8,"column":52}},"7":{"start":{"line":9,"column":21},"end":{"line":9,"column":65}},"8":{"start":{"line":10,"column":6},"end":{"line":10,"column":56}},"9":{"start":{"line":11,"column":6},"end":{"line":11,"column":44}},"10":{"start":{"line":13,"column":4},"end":{"line":13,"column":20}},"11":{"start":{"line":17,"column":4},"end":{"line":26,"column":5}},"12":{"start":{"line":18,"column":6},"end":{"line":18,"column":20}},"13":{"start":{"line":19,"column":6},"end":{"line":19,"column":44}},"14":{"start":{"line":20,"column":11},"end":{"line":26,"column":5}},"15":{"start":{"line":21,"column":20},"end":{"line":21,"column":43}},"16":{"start":{"line":22,"column":6},"end":{"line":22,"column":27}},"17":{"start":{"line":23,"column":6},"end":{"line":23,"column":40}},"18":{"start":{"line":24,"column":6},"end":{"line":24,"column":42}},"19":{"start":{"line":25,"column":6},"end":{"line":25,"column":21}},"20":{"start":{"line":30,"column":4},"end":{"line":37,"column":5}},"21":{"start":{"line":32,"column":8},"end":{"line":32,"column":25}},"22":{"start":{"line":34,"column":8},"end":{"line":34,"column":25}},"23":{"start":{"line":36,"column":8},"end":{"line":36,"column":21}},"24":{"start":{"line":41,"column":4},"end":{"line":41,"column":24}},"25":{"start":{"line":43,"column":4},"end":{"line":51,"column":5}},"26":{"start":{"line":44,"column":6},"end":{"line":50,"column":9}},"27":{"start":{"line":45,"column":19},"end":{"line":45,"column":31}},"28":{"start":{"line":47,"column":10},"end":{"line":47,"column":31}},"29":{"start":{"line":48,"column":10},"end":{"line":48,"column":34}},"30":{"start":{"line":55,"column":4},"end":{"line":74,"column":7}},"31":{"start":{"line":56,"column":23},"end":{"line":56,"column":34}},"32":{"start":{"line":57,"column":6},"end":{"line":57,"column":39}},"33":{"start":{"line":58,"column":23},"end":{"line":58,"column":42}},"34":{"start":{"line":59,"column":31},"end":{"line":59,"column":59}},"35":{"start":{"line":60,"column":29},"end":{"line":60,"column":81}},"36":{"start":{"line":62,"column":6},"end":{"line":66,"column":7}},"37":{"start":{"line":63,"column":8},"end":{"line":63,"column":29}},"38":{"start":{"line":64,"column":13},"end":{"line":66,"column":7}},"39":{"start":{"line":65,"column":8},"end":{"line":65,"column":43}},"40":{"start":{"line":68,"column":6},"end":{"line":68,"column":29}},"41":{"start":{"line":69,"column":6},"end":{"line":69,"column":30}},"42":{"start":{"line":71,"column":6},"end":{"line":71,"column":53}},"43":{"start":{"line":72,"column":6},"end":{"line":72,"column":38}},"44":{"start":{"line":73,"column":6},"end":{"line":73,"column":55}},"45":{"start":{"line":78,"column":4},"end":{"line":78,"column":44}}},"fnMap":{"0":{"name":"(anonymous_0)","decl":{"start":{"line":45,"column":13},"end":{"line":45,"column":14}},"loc":{"start":{"line":45,"column":19},"end":{"line":45,"column":31}},"line":45},"1":{"name":"(anonymous_1)","decl":{"start":{"line":46,"column":13},"end":{"line":46,"column":14}},"loc":{"start":{"line":46,"column":24},"end":{"line":49,"column":9}},"line":46},"2":{"name":"(anonymous_2)","decl":{"start":{"line":55,"column":36},"end":{"line":55,"column":37}},"loc":{"start":{"line":55,"column":41},"end":{"line":74,"column":5}},"line":55}},"branchMap":{"0":{"loc":{"start":{"line":4,"column":4},"end":{"line":12,"column":5}},"type":"if","locations":[{"start":{"line":4,"column":4},"end":{"line":12,"column":5}},{"start":{"line":4,"column":4},"end":{"line":12,"column":5}}],"line":4},"1":{"loc":{"start":{"line":6,"column":11},"end":{"line":12,"column":5}},"type":"if","locations":[{"start":{"line":6,"column":11},"end":{"line":12,"column":5}},{"start":{"line":6,"column":11},"end":{"line":12,"column":5}}],"line":6},"2":{"loc":{"start":{"line":17,"column":4},"end":{"line":26,"column":5}},"type":"if","locations":[{"start":{"line":17,"column":4},"end":{"line":26,"column":5}},{"start":{"line":17,"column":4},"end":{"line":26,"column":5}}],"line":17},"3":{"loc":{"start":{"line":20,"column":11},"end":{"line":26,"column":5}},"type":"if","locations":[{"start":{"line":20,"column":11},"end":{"line":26,"column":5}},{"start":{"line":20,"column":11},"end":{"line":26,"column":5}}],"line":20},"4":{"loc":{"start":{"line":30,"column":4},"end":{"line":37,"column":5}},"type":"switch","locations":[{"start":{"line":31,"column":6},"end":{"line":32,"column":25}},{"start":{"line":33,"column":6},"end":{"line":34,"column":25}},{"start":{"line":35,"column":6},"end":{"line":36,"column":21}}],"line":30},"5":{"loc":{"start":{"line":62,"column":6},"end":{"line":66,"column":7}},"type":"if","locations":[{"start":{"line":62,"column":6},"end":{"line":66,"column":7}},{"start":{"line":62,"column":6},"end":{"line":66,"column":7}}],"line":62},"6":{"loc":{"start":{"line":64,"column":13},"end":{"line":66,"column":7}},"type":"if","locations":[{"start":{"line":64,"column":13},"end":{"line":66,"column":7}},{"start":{"line":64,"column":13},"end":{"line":66,"column":7}}],"line":64},"7":{"loc":{"start":{"line":73,"column":6},"end":{"line":73,"column":54}},"type":"binary-expr","locations":[{"start":{"line":73,"column":6},"end":{"line":73,"column":27}},{"start":{"line":73,"column":31},"end":{"line":73,"column":54}}],"line":73}},"s":{"0":0,"1":0,"2":0,"3":0,"4":0,"5":0,"6":0,"7":0,"8":0,"9":0,"10":0,"11":0,"12":0,"13":0,"14":0,"15":0,"16":0,"17":0,"18":0,"19":0,"20":0,"21":0,"22":0,"23":0,"24":0,"25":0,"26":0,"27":0,"28":0,"29":0,"30":0,"31":0,"32":0,"33":0,"34":0,"35":0,"36":0,"37":0,"38":0,"39":0,"40":0,"41":0,"42":0,"43":0,"44":0,"45":0},"f":{"0":0,"1":0,"2":0},"b":{"0":[0,0],"1":[0,0],"2":[0,0],"3":[0,0],"4":[0,0,0],"5":[0,0],"6":[0,0],"7":[0,0]}},"/home/codermarcos/git/simple-mask-money/src/index.js":{"path":"/home/codermarcos/git/simple-mask-money/src/index.js","statementMap":{"0":{"start":{"line":1,"column":13},"end":{"line":1,"column":30}},"1":{"start":{"line":2,"column":13},"end":{"line":2,"column":30}},"2":{"start":{"line":3,"column":18},"end":{"line":3,"column":40}},"3":{"start":{"line":5,"column":12},"end":{"line":5,"column":22}},"4":{"start":{"line":7,"column":0},"end":{"line":82,"column":2}},"5":{"start":{"line":9,"column":4},"end":{"line":9,"column":17}},"6":{"start":{"line":13,"column":4},"end":{"line":13,"column":28}},"7":{"start":{"line":17,"column":17},"end":{"line":17,"column":97}},"8":{"start":{"line":18,"column":4},"end":{"line":18,"column":34}},"9":{"start":{"line":20,"column":21},"end":{"line":20,"column":73}},"10":{"start":{"line":21,"column":24},"end":{"line":21,"column":67}},"11":{"start":{"line":22,"column":19},"end":{"line":22,"column":140}},"12":{"start":{"line":24,"column":4},"end":{"line":24,"column":34}},"13":{"start":{"line":26,"column":4},"end":{"line":26,"column":18}},"14":{"start":{"line":30,"column":17},"end":{"line":30,"column":97}},"15":{"start":{"line":31,"column":18},"end":{"line":31,"column":34}},"16":{"start":{"line":32,"column":4},"end":{"line":32,"column":34}},"17":{"start":{"line":34,"column":19},"end":{"line":34,"column":35}},"18":{"start":{"line":36,"column":4},"end":{"line":36,"column":34}},"19":{"start":{"line":38,"column":4},"end":{"line":38,"column":18}},"20":{"start":{"line":42,"column":17},"end":{"line":42,"column":97}},"21":{"start":{"line":43,"column":16},"end":{"line":43,"column":32}},"22":{"start":{"line":44,"column":4},"end":{"line":44,"column":34}},"23":{"start":{"line":45,"column":17},"end":{"line":45,"column":20}},"24":{"start":{"line":47,"column":21},"end":{"line":47,"column":73}},"25":{"start":{"line":49,"column":4},"end":{"line":51,"column":5}},"26":{"start":{"line":50,"column":6},"end":{"line":50,"column":37}},"27":{"start":{"line":53,"column":4},"end":{"line":53,"column":37}},"28":{"start":{"line":55,"column":4},"end":{"line":57,"column":5}},"29":{"start":{"line":56,"column":6},"end":{"line":56,"column":54}},"30":{"start":{"line":59,"column":4},"end":{"line":61,"column":5}},"31":{"start":{"line":60,"column":6},"end":{"line":60,"column":57}},"32":{"start":{"line":63,"column":4},"end":{"line":63,"column":34}},"33":{"start":{"line":65,"column":4},"end":{"line":65,"column":18}},"34":{"start":{"line":69,"column":4},"end":{"line":69,"column":89}},"35":{"start":{"line":69,"column":41},"end":{"line":69,"column":89}},"36":{"start":{"line":71,"column":18},"end":{"line":71,"column":88}},"37":{"start":{"line":72,"column":17},"end":{"line":72,"column":97}},"38":{"start":{"line":74,"column":4},"end":{"line":74,"column":43}},"39":{"start":{"line":75,"column":4},"end":{"line":75,"column":35}},"40":{"start":{"line":76,"column":4},"end":{"line":76,"column":33}},"41":{"start":{"line":78,"column":4},"end":{"line":78,"column":93}},"42":{"start":{"line":78,"column":33},"end":{"line":78,"column":92}},"43":{"start":{"line":80,"column":4},"end":{"line":80,"column":17}}},"fnMap":{"0":{"name":"(anonymous_0)","decl":{"start":{"line":8,"column":2},"end":{"line":8,"column":3}},"loc":{"start":{"line":8,"column":20},"end":{"line":10,"column":3}},"line":8},"1":{"name":"(anonymous_1)","decl":{"start":{"line":12,"column":2},"end":{"line":12,"column":3}},"loc":{"start":{"line":12,"column":25},"end":{"line":14,"column":3}},"line":12},"2":{"name":"(anonymous_2)","decl":{"start":{"line":16,"column":2},"end":{"line":16,"column":3}},"loc":{"start":{"line":16,"column":39},"end":{"line":27,"column":3}},"line":16},"3":{"name":"(anonymous_3)","decl":{"start":{"line":29,"column":2},"end":{"line":29,"column":3}},"loc":{"start":{"line":29,"column":35},"end":{"line":39,"column":3}},"line":29},"4":{"name":"(anonymous_4)","decl":{"start":{"line":41,"column":2},"end":{"line":41,"column":3}},"loc":{"start":{"line":41,"column":37},"end":{"line":66,"column":3}},"line":41},"5":{"name":"(anonymous_5)","decl":{"start":{"line":68,"column":2},"end":{"line":68,"column":3}},"loc":{"start":{"line":68,"column":32},"end":{"line":81,"column":3}},"line":68},"6":{"name":"(anonymous_6)","decl":{"start":{"line":78,"column":27},"end":{"line":78,"column":28}},"loc":{"start":{"line":78,"column":33},"end":{"line":78,"column":92}},"line":78}},"branchMap":{"0":{"loc":{"start":{"line":17,"column":26},"end":{"line":17,"column":96}},"type":"cond-expr","locations":[{"start":{"line":17,"column":84},"end":{"line":17,"column":88}},{"start":{"line":17,"column":91},"end":{"line":17,"column":96}}],"line":17},"1":{"loc":{"start":{"line":17,"column":26},"end":{"line":17,"column":81}},"type":"binary-expr","locations":[{"start":{"line":17,"column":26},"end":{"line":17,"column":53}},{"start":{"line":17,"column":57},"end":{"line":17,"column":81}}],"line":17},"2":{"loc":{"start":{"line":20,"column":21},"end":{"line":20,"column":73}},"type":"binary-expr","locations":[{"start":{"line":20,"column":21},"end":{"line":20,"column":44}},{"start":{"line":20,"column":48},"end":{"line":20,"column":73}}],"line":20},"3":{"loc":{"start":{"line":22,"column":22},"end":{"line":22,"column":72}},"type":"cond-expr","locations":[{"start":{"line":22,"column":65},"end":{"line":22,"column":68}},{"start":{"line":22,"column":70},"end":{"line":22,"column":72}}],"line":22},"4":{"loc":{"start":{"line":22,"column":22},"end":{"line":22,"column":62}},"type":"binary-expr","locations":[{"start":{"line":22,"column":22},"end":{"line":22,"column":50}},{"start":{"line":22,"column":54},"end":{"line":22,"column":62}}],"line":22},"5":{"loc":{"start":{"line":22,"column":89},"end":{"line":22,"column":138}},"type":"cond-expr","locations":[{"start":{"line":22,"column":131},"end":{"line":22,"column":134}},{"start":{"line":22,"column":136},"end":{"line":22,"column":138}}],"line":22},"6":{"loc":{"start":{"line":22,"column":89},"end":{"line":22,"column":128}},"type":"binary-expr","locations":[{"start":{"line":22,"column":89},"end":{"line":22,"column":116}},{"start":{"line":22,"column":120},"end":{"line":22,"column":128}}],"line":22},"7":{"loc":{"start":{"line":30,"column":26},"end":{"line":30,"column":96}},"type":"cond-expr","locations":[{"start":{"line":30,"column":84},"end":{"line":30,"column":88}},{"start":{"line":30,"column":91},"end":{"line":30,"column":96}}],"line":30},"8":{"loc":{"start":{"line":30,"column":26},"end":{"line":30,"column":81}},"type":"binary-expr","locations":[{"start":{"line":30,"column":26},"end":{"line":30,"column":53}},{"start":{"line":30,"column":57},"end":{"line":30,"column":81}}],"line":30},"9":{"loc":{"start":{"line":42,"column":26},"end":{"line":42,"column":96}},"type":"cond-expr","locations":[{"start":{"line":42,"column":84},"end":{"line":42,"column":88}},{"start":{"line":42,"column":91},"end":{"line":42,"column":96}}],"line":42},"10":{"loc":{"start":{"line":42,"column":26},"end":{"line":42,"column":81}},"type":"binary-expr","locations":[{"start":{"line":42,"column":26},"end":{"line":42,"column":53}},{"start":{"line":42,"column":57},"end":{"line":42,"column":81}}],"line":42},"11":{"loc":{"start":{"line":47,"column":21},"end":{"line":47,"column":73}},"type":"binary-expr","locations":[{"start":{"line":47,"column":21},"end":{"line":47,"column":44}},{"start":{"line":47,"column":48},"end":{"line":47,"column":73}}],"line":47},"12":{"loc":{"start":{"line":49,"column":4},"end":{"line":51,"column":5}},"type":"if","locations":[{"start":{"line":49,"column":4},"end":{"line":51,"column":5}},{"start":{"line":49,"column":4},"end":{"line":51,"column":5}}],"line":49},"13":{"loc":{"start":{"line":55,"column":4},"end":{"line":57,"column":5}},"type":"if","locations":[{"start":{"line":55,"column":4},"end":{"line":57,"column":5}},{"start":{"line":55,"column":4},"end":{"line":57,"column":5}}],"line":55},"14":{"loc":{"start":{"line":59,"column":4},"end":{"line":61,"column":5}},"type":"if","locations":[{"start":{"line":59,"column":4},"end":{"line":61,"column":5}},{"start":{"line":59,"column":4},"end":{"line":61,"column":5}}],"line":59},"15":{"loc":{"start":{"line":60,"column":26},"end":{"line":60,"column":55}},"type":"cond-expr","locations":[{"start":{"line":60,"column":37},"end":{"line":60,"column":47}},{"start":{"line":60,"column":50},"end":{"line":60,"column":55}}],"line":60},"16":{"loc":{"start":{"line":69,"column":4},"end":{"line":69,"column":89}},"type":"if","locations":[{"start":{"line":69,"column":4},"end":{"line":69,"column":89}},{"start":{"line":69,"column":4},"end":{"line":69,"column":89}}],"line":69},"17":{"loc":{"start":{"line":71,"column":18},"end":{"line":71,"column":88}},"type":"cond-expr","locations":[{"start":{"line":71,"column":47},"end":{"line":71,"column":78}},{"start":{"line":71,"column":81},"end":{"line":71,"column":88}}],"line":71},"18":{"loc":{"start":{"line":72,"column":26},"end":{"line":72,"column":96}},"type":"cond-expr","locations":[{"start":{"line":72,"column":84},"end":{"line":72,"column":88}},{"start":{"line":72,"column":91},"end":{"line":72,"column":96}}],"line":72},"19":{"loc":{"start":{"line":72,"column":26},"end":{"line":72,"column":81}},"type":"binary-expr","locations":[{"start":{"line":72,"column":26},"end":{"line":72,"column":53}},{"start":{"line":72,"column":57},"end":{"line":72,"column":81}}],"line":72}},"s":{"0":0,"1":0,"2":0,"3":0,"4":0,"5":0,"6":0,"7":0,"8":0,"9":0,"10":0,"11":0,"12":0,"13":0,"14":0,"15":0,"16":0,"17":0,"18":0,"19":0,"20":0,"21":0,"22":0,"23":0,"24":0,"25":0,"26":0,"27":0,"28":0,"29":0,"30":0,"31":0,"32":0,"33":0,"34":0,"35":0,"36":0,"37":0,"38":0,"39":0,"40":0,"41":0,"42":0,"43":0},"f":{"0":0,"1":0,"2":0,"3":0,"4":0,"5":0,"6":0},"b":{"0":[0,0],"1":[0,0],"2":[0,0],"3":[0,0],"4":[0,0],"5":[0,0],"6":[0,0],"7":[0,0],"8":[0,0],"9":[0,0],"10":[0,0],"11":[0,0],"12":[0,0],"13":[0,0],"14":[0,0],"15":[0,0],"16":[0,0],"17":[0,0],"18":[0,0],"19":[0,0]}}}